<?xml version="1.0" encoding="UTF-8"?>
<coverage generated="1734161077058" clover="3.2.0">
  <project timestamp="1734161077059" name="All files">
    <metrics statements="86" coveredstatements="86" conditionals="41" coveredconditionals="39" methods="22" coveredmethods="22" elements="149" coveredelements="147" complexity="0" loc="86" ncloc="86" packages="3" files="14" classes="14"/>
    <package name="components.Fragments">
      <metrics statements="8" coveredstatements="8" conditionals="4" coveredconditionals="2" methods="2" coveredmethods="2"/>
      <file name="Button.tsx" path="D:\MSIB-PRODUCT-ZILLA\frontend-vercel\src\components\Fragments\Button.tsx">
        <metrics statements="5" coveredstatements="5" conditionals="4" coveredconditionals="2" methods="1" coveredmethods="1"/>
        <line num="1" count="1" type="stmt"/>
        <line num="2" count="1" type="stmt"/>
        <line num="11" count="1" type="stmt"/>
        <line num="14" count="1" type="stmt"/>
        <line num="21" count="1" type="cond" truecount="1" falsecount="1"/>
      </file>
      <file name="Input.tsx" path="D:\MSIB-PRODUCT-ZILLA\frontend-vercel\src\components\Fragments\Input.tsx">
        <metrics statements="3" coveredstatements="3" conditionals="0" coveredconditionals="0" methods="1" coveredmethods="1"/>
        <line num="1" count="1" type="stmt"/>
        <line num="15" count="1" type="stmt"/>
        <line num="26" count="4" type="stmt"/>
      </file>
    </package>
    <package name="components.Layout">
      <metrics statements="24" coveredstatements="24" conditionals="0" coveredconditionals="0" methods="8" coveredmethods="8"/>
      <file name="Card.tsx" path="D:\MSIB-PRODUCT-ZILLA\frontend-vercel\src\components\Layout\Card.tsx">
        <metrics statements="4" coveredstatements="4" conditionals="0" coveredconditionals="0" methods="1" coveredmethods="1"/>
        <line num="7" count="1" type="stmt"/>
        <line num="9" count="1" type="stmt"/>
        <line num="10" count="3" type="stmt"/>
        <line num="25" count="1" type="stmt"/>
      </file>
      <file name="CardEvent.tsx" path="D:\MSIB-PRODUCT-ZILLA\frontend-vercel\src\components\Layout\CardEvent.tsx">
        <metrics statements="7" coveredstatements="7" conditionals="0" coveredconditionals="0" methods="1" coveredmethods="1"/>
        <line num="1" count="1" type="stmt"/>
        <line num="2" count="1" type="stmt"/>
        <line num="3" count="1" type="stmt"/>
        <line num="4" count="1" type="stmt"/>
        <line num="5" count="1" type="stmt"/>
        <line num="15" count="1" type="stmt"/>
        <line num="17" count="3" type="stmt"/>
      </file>
      <file name="CardProfile.tsx" path="D:\MSIB-PRODUCT-ZILLA\frontend-vercel\src\components\Layout\CardProfile.tsx">
        <metrics statements="3" coveredstatements="3" conditionals="0" coveredconditionals="0" methods="1" coveredmethods="1"/>
        <line num="1" count="1" type="stmt"/>
        <line num="9" count="1" type="stmt"/>
        <line num="11" count="1" type="stmt"/>
      </file>
      <file name="Search.tsx" path="D:\MSIB-PRODUCT-ZILLA\frontend-vercel\src\components\Layout\Search.tsx">
        <metrics statements="4" coveredstatements="4" conditionals="0" coveredconditionals="0" methods="1" coveredmethods="1"/>
        <line num="1" count="1" type="stmt"/>
        <line num="2" count="1" type="stmt"/>
        <line num="10" count="1" type="stmt"/>
        <line num="11" count="3" type="stmt"/>
      </file>
      <file name="Table.tsx" path="D:\MSIB-PRODUCT-ZILLA\frontend-vercel\src\components\Layout\Table.tsx">
        <metrics statements="6" coveredstatements="6" conditionals="0" coveredconditionals="0" methods="4" coveredmethods="4"/>
        <line num="2" count="1" type="stmt"/>
        <line num="9" count="1" type="stmt"/>
        <line num="10" count="3" type="stmt"/>
        <line num="16" count="6" type="stmt"/>
        <line num="22" count="6" type="stmt"/>
        <line num="24" count="12" type="stmt"/>
      </file>
    </package>
    <package name="user.components">
      <metrics statements="54" coveredstatements="54" conditionals="37" coveredconditionals="37" methods="12" coveredmethods="12"/>
      <file name="Button.tsx" path="D:\MSIB-PRODUCT-ZILLA\frontend-vercel\src\user\components\Button.tsx">
        <metrics statements="7" coveredstatements="7" conditionals="8" coveredconditionals="8" methods="1" coveredmethods="1"/>
        <line num="2" count="1" type="stmt"/>
        <line num="14" count="1" type="stmt"/>
        <line num="24" count="8" type="stmt"/>
        <line num="32" count="8" type="stmt"/>
        <line num="39" count="8" type="stmt"/>
        <line num="45" count="8" type="stmt"/>
        <line num="56" count="1" type="stmt"/>
      </file>
      <file name="ButtonProfile.tsx" path="D:\MSIB-PRODUCT-ZILLA\frontend-vercel\src\user\components\ButtonProfile.tsx">
        <metrics statements="9" coveredstatements="9" conditionals="12" coveredconditionals="12" methods="1" coveredmethods="1"/>
        <line num="1" count="1" type="stmt"/>
        <line num="2" count="1" type="stmt"/>
        <line num="11" count="1" type="stmt"/>
        <line num="21" count="5" type="stmt"/>
        <line num="22" count="5" type="stmt"/>
        <line num="28" count="5" type="cond" truecount="2" falsecount="0"/>
        <line num="29" count="5" type="cond" truecount="2" falsecount="0"/>
        <line num="31" count="5" type="stmt"/>
        <line num="51" count="1" type="stmt"/>
      </file>
      <file name="Card.tsx" path="D:\MSIB-PRODUCT-ZILLA\frontend-vercel\src\user\components\Card.tsx">
        <metrics statements="9" coveredstatements="9" conditionals="3" coveredconditionals="3" methods="1" coveredmethods="1"/>
        <line num="1" count="1" type="stmt"/>
        <line num="2" count="1" type="stmt"/>
        <line num="3" count="1" type="stmt"/>
        <line num="4" count="1" type="stmt"/>
        <line num="5" count="1" type="stmt"/>
        <line num="6" count="1" type="stmt"/>
        <line num="21" count="1" type="stmt"/>
        <line num="32" count="4" type="stmt"/>
        <line num="72" count="1" type="stmt"/>
      </file>
      <file name="FormCard.tsx" path="D:\MSIB-PRODUCT-ZILLA\frontend-vercel\src\user\components\FormCard.tsx">
        <metrics statements="4" coveredstatements="4" conditionals="0" coveredconditionals="0" methods="1" coveredmethods="1"/>
        <line num="1" count="1" type="stmt"/>
        <line num="7" count="1" type="stmt"/>
        <line num="8" count="3" type="stmt"/>
        <line num="21" count="1" type="stmt"/>
      </file>
      <file name="Input.tsx" path="D:\MSIB-PRODUCT-ZILLA\frontend-vercel\src\user\components\Input.tsx">
        <metrics statements="4" coveredstatements="4" conditionals="5" coveredconditionals="5" methods="1" coveredmethods="1"/>
        <line num="1" count="1" type="stmt"/>
        <line num="9" count="1" type="stmt"/>
        <line num="16" count="5" type="stmt"/>
        <line num="33" count="1" type="stmt"/>
      </file>
      <file name="Search.tsx" path="D:\MSIB-PRODUCT-ZILLA\frontend-vercel\src\user\components\Search.tsx">
        <metrics statements="16" coveredstatements="16" conditionals="0" coveredconditionals="0" methods="5" coveredmethods="5"/>
        <line num="1" count="1" type="stmt"/>
        <line num="8" count="1" type="stmt"/>
        <line num="9" count="10" type="stmt"/>
        <line num="10" count="10" type="stmt"/>
        <line num="12" count="10" type="stmt"/>
        <line num="13" count="3" type="stmt"/>
        <line num="14" count="3" type="stmt"/>
        <line num="15" count="3" type="stmt"/>
        <line num="18" count="10" type="stmt"/>
        <line num="19" count="3" type="stmt"/>
        <line num="20" count="3" type="stmt"/>
        <line num="21" count="3" type="stmt"/>
        <line num="24" count="10" type="stmt"/>
        <line num="41" count="20" type="stmt"/>
        <line num="48" count="2" type="stmt"/>
        <line num="57" count="1" type="stmt"/>
      </file>
      <file name="Select.tsx" path="D:\MSIB-PRODUCT-ZILLA\frontend-vercel\src\user\components\Select.tsx">
        <metrics statements="5" coveredstatements="5" conditionals="9" coveredconditionals="9" methods="2" coveredmethods="2"/>
        <line num="1" count="1" type="stmt"/>
        <line num="10" count="1" type="stmt"/>
        <line num="18" count="4" type="stmt"/>
        <line num="39" count="8" type="stmt"/>
        <line num="49" count="1" type="stmt"/>
      </file>
    </package>
  </project>
</coverage>
