{"D:\\MSIB-PRODUCT-ZILLA\\frontend-vercel\\src\\components\\Fragments\\Button.tsx": {"path":"D:\\MSIB-PRODUCT-ZILLA\\frontend-vercel\\src\\components\\Fragments\\Button.tsx","statementMap":{"0":{"start":{"line":1,"column":0},"end":{"line":1,"column":40}},"1":{"start":{"line":2,"column":0},"end":{"line":2,"column":25}},"2":{"start":{"line":11,"column":45},"end":{"line":22,"column":1}},"3":{"start":{"line":14,"column":4},"end":{"line":16,"column":null}},"4":{"start":{"line":21,"column":2},"end":{"line":21,"column":55}},"5":{"start":{"line":11,"column":13},"end":{"line":11,"column":45}}},"fnMap":{"0":{"name":"(anonymous_1)","decl":{"start":{"line":11,"column":45},"end":{"line":11,"column":46}},"loc":{"start":{"line":11,"column":81},"end":{"line":22,"column":1}}}},"branchMap":{"0":{"loc":{"start":{"line":15,"column":7},"end":{"line":15,"column":51}},"type":"binary-expr","locations":[{"start":{"line":15,"column":7},"end":{"line":15,"column":11}},{"start":{"line":15,"column":15},"end":{"line":15,"column":51}}]},"1":{"loc":{"start":{"line":21,"column":9},"end":{"line":21,"column":54}},"type":"cond-expr","locations":[{"start":{"line":21,"column":14},"end":{"line":21,"column":44}},{"start":{"line":21,"column":47},"end":{"line":21,"column":54}}]}},"s":{"0":1,"1":1,"2":1,"3":1,"4":1,"5":1},"f":{"0":1},"b":{"0":[1,0],"1":[0,1]}}
,"D:\\MSIB-PRODUCT-ZILLA\\frontend-vercel\\src\\components\\Fragments\\Input.tsx": {"path":"D:\\MSIB-PRODUCT-ZILLA\\frontend-vercel\\src\\components\\Fragments\\Input.tsx","statementMap":{"0":{"start":{"line":1,"column":0},"end":{"line":1,"column":26}},"1":{"start":{"line":15,"column":43},"end":{"line":41,"column":1}},"2":{"start":{"line":26,"column":4},"end":{"line":40,"column":6}},"3":{"start":{"line":15,"column":13},"end":{"line":15,"column":43}}},"fnMap":{"0":{"name":"(anonymous_1)","decl":{"start":{"line":15,"column":43},"end":{"line":15,"column":44}},"loc":{"start":{"line":25,"column":5},"end":{"line":41,"column":1}}}},"branchMap":{},"s":{"0":1,"1":1,"2":4,"3":1},"f":{"0":4},"b":{}}
,"D:\\MSIB-PRODUCT-ZILLA\\frontend-vercel\\src\\components\\Layout\\Card.tsx": {"path":"D:\\MSIB-PRODUCT-ZILLA\\frontend-vercel\\src\\components\\Layout\\Card.tsx","statementMap":{"0":{"start":{"line":7,"column":0},"end":{"line":7,"column":25}},"1":{"start":{"line":9,"column":34},"end":{"line":23,"column":1}},"2":{"start":{"line":10,"column":4},"end":{"line":22,"column":null}},"3":{"start":{"line":25,"column":0},"end":{"line":25,"column":null}}},"fnMap":{"0":{"name":"(anonymous_1)","decl":{"start":{"line":9,"column":34},"end":{"line":9,"column":35}},"loc":{"start":{"line":9,"column":63},"end":{"line":23,"column":1}}}},"branchMap":{},"s":{"0":1,"1":1,"2":3,"3":1},"f":{"0":3},"b":{}}
,"D:\\MSIB-PRODUCT-ZILLA\\frontend-vercel\\src\\components\\Layout\\CardEvent.tsx": {"path":"D:\\MSIB-PRODUCT-ZILLA\\frontend-vercel\\src\\components\\Layout\\CardEvent.tsx","statementMap":{"0":{"start":{"line":1,"column":0},"end":{"line":1,"column":44}},"1":{"start":{"line":2,"column":0},"end":{"line":2,"column":49}},"2":{"start":{"line":3,"column":0},"end":{"line":3,"column":48}},"3":{"start":{"line":4,"column":0},"end":{"line":4,"column":47}},"4":{"start":{"line":5,"column":0},"end":{"line":5,"column":25}},"5":{"start":{"line":15,"column":46},"end":{"line":33,"column":1}},"6":{"start":{"line":17,"column":4},"end":{"line":32,"column":null}},"7":{"start":{"line":15,"column":13},"end":{"line":15,"column":46}}},"fnMap":{"0":{"name":"(anonymous_1)","decl":{"start":{"line":15,"column":46},"end":{"line":15,"column":47}},"loc":{"start":{"line":15,"column":87},"end":{"line":33,"column":1}}}},"branchMap":{},"s":{"0":1,"1":1,"2":1,"3":1,"4":1,"5":1,"6":3,"7":1},"f":{"0":3},"b":{}}
,"D:\\MSIB-PRODUCT-ZILLA\\frontend-vercel\\src\\components\\Layout\\CardProfile.tsx": {"path":"D:\\MSIB-PRODUCT-ZILLA\\frontend-vercel\\src\\components\\Layout\\CardProfile.tsx","statementMap":{"0":{"start":{"line":1,"column":0},"end":{"line":1,"column":25}},"1":{"start":{"line":9,"column":51},"end":{"line":43,"column":1}},"2":{"start":{"line":11,"column":4},"end":{"line":42,"column":null}},"3":{"start":{"line":9,"column":13},"end":{"line":9,"column":51}}},"fnMap":{"0":{"name":"(anonymous_1)","decl":{"start":{"line":9,"column":51},"end":{"line":9,"column":52}},"loc":{"start":{"line":9,"column":94},"end":{"line":43,"column":1}}}},"branchMap":{},"s":{"0":1,"1":1,"2":1,"3":1},"f":{"0":1},"b":{}}
,"D:\\MSIB-PRODUCT-ZILLA\\frontend-vercel\\src\\components\\Layout\\Search.tsx": {"path":"D:\\MSIB-PRODUCT-ZILLA\\frontend-vercel\\src\\components\\Layout\\Search.tsx","statementMap":{"0":{"start":{"line":1,"column":0},"end":{"line":1,"column":26}},"1":{"start":{"line":2,"column":0},"end":{"line":2,"column":42}},"2":{"start":{"line":10,"column":45},"end":{"line":29,"column":1}},"3":{"start":{"line":11,"column":2},"end":{"line":28,"column":4}},"4":{"start":{"line":10,"column":13},"end":{"line":10,"column":45}}},"fnMap":{"0":{"name":"(anonymous_1)","decl":{"start":{"line":10,"column":45},"end":{"line":10,"column":46}},"loc":{"start":{"line":10,"column":79},"end":{"line":29,"column":1}}}},"branchMap":{},"s":{"0":1,"1":1,"2":1,"3":3,"4":1},"f":{"0":3},"b":{}}
,"D:\\MSIB-PRODUCT-ZILLA\\frontend-vercel\\src\\components\\Layout\\Table.tsx": {"path":"D:\\MSIB-PRODUCT-ZILLA\\frontend-vercel\\src\\components\\Layout\\Table.tsx","statementMap":{"0":{"start":{"line":2,"column":0},"end":{"line":2,"column":26}},"1":{"start":{"line":9,"column":42},"end":{"line":34,"column":1}},"2":{"start":{"line":10,"column":2},"end":{"line":33,"column":4}},"3":{"start":{"line":16,"column":14},"end":{"line":16,"column":93}},"4":{"start":{"line":22,"column":12},"end":{"line":27,"column":null}},"5":{"start":{"line":24,"column":16},"end":{"line":25,"column":null}},"6":{"start":{"line":9,"column":13},"end":{"line":9,"column":42}}},"fnMap":{"0":{"name":"(anonymous_1)","decl":{"start":{"line":9,"column":42},"end":{"line":9,"column":43}},"loc":{"start":{"line":9,"column":64},"end":{"line":34,"column":1}}},"1":{"name":"(anonymous_2)","decl":{"start":{"line":15,"column":25},"end":{"line":15,"column":26}},"loc":{"start":{"line":16,"column":14},"end":{"line":16,"column":93}}},"2":{"name":"(anonymous_3)","decl":{"start":{"line":21,"column":20},"end":{"line":21,"column":21}},"loc":{"start":{"line":22,"column":12},"end":{"line":27,"column":null}}},"3":{"name":"(anonymous_4)","decl":{"start":{"line":23,"column":27},"end":{"line":23,"column":28}},"loc":{"start":{"line":24,"column":16},"end":{"line":25,"column":null}}}},"branchMap":{},"s":{"0":1,"1":1,"2":3,"3":6,"4":6,"5":12,"6":1},"f":{"0":3,"1":6,"2":6,"3":12},"b":{}}
,"D:\\MSIB-PRODUCT-ZILLA\\frontend-vercel\\src\\user\\components\\Button.tsx": {"path":"D:\\MSIB-PRODUCT-ZILLA\\frontend-vercel\\src\\user\\components\\Button.tsx","statementMap":{"0":{"start":{"line":2,"column":0},"end":{"line":2,"column":26}},"1":{"start":{"line":14,"column":38},"end":{"line":54,"column":1}},"2":{"start":{"line":24,"column":23},"end":{"line":30,"column":4}},"3":{"start":{"line":32,"column":20},"end":{"line":37,"column":4}},"4":{"start":{"line":39,"column":21},"end":{"line":43,"column":4}},"5":{"start":{"line":45,"column":2},"end":{"line":53,"column":4}},"6":{"start":{"line":56,"column":0},"end":{"line":56,"column":22}}},"fnMap":{"0":{"name":"(anonymous_1)","decl":{"start":{"line":14,"column":38},"end":{"line":14,"column":39}},"loc":{"start":{"line":23,"column":5},"end":{"line":54,"column":1}}}},"branchMap":{"0":{"loc":{"start":{"line":15,"column":2},"end":{"line":15,"column":21}},"type":"default-arg","locations":[{"start":{"line":15,"column":12},"end":{"line":15,"column":21}}]},"1":{"loc":{"start":{"line":16,"column":2},"end":{"line":16,"column":13}},"type":"default-arg","locations":[{"start":{"line":16,"column":9},"end":{"line":16,"column":13}}]},"2":{"loc":{"start":{"line":18,"column":2},"end":{"line":18,"column":18}},"type":"default-arg","locations":[{"start":{"line":18,"column":16},"end":{"line":18,"column":18}}]},"3":{"loc":{"start":{"line":19,"column":2},"end":{"line":19,"column":16}},"type":"default-arg","locations":[{"start":{"line":19,"column":10},"end":{"line":19,"column":16}}]},"4":{"loc":{"start":{"line":42,"column":12},"end":{"line":42,"column":29}},"type":"binary-expr","locations":[{"start":{"line":42,"column":12},"end":{"line":42,"column":23}},{"start":{"line":42,"column":27},"end":{"line":42,"column":29}}]},"5":{"loc":{"start":{"line":50,"column":7},"end":{"line":50,"column":51}},"type":"binary-expr","locations":[{"start":{"line":50,"column":7},"end":{"line":50,"column":11}},{"start":{"line":50,"column":15},"end":{"line":50,"column":51}}]}},"s":{"0":1,"1":1,"2":8,"3":8,"4":8,"5":8,"6":1},"f":{"0":8},"b":{"0":[7],"1":[7],"2":[7],"3":[6],"4":[8,7],"5":[8,1]}}
,"D:\\MSIB-PRODUCT-ZILLA\\frontend-vercel\\src\\user\\components\\ButtonProfile.tsx": {"path":"D:\\MSIB-PRODUCT-ZILLA\\frontend-vercel\\src\\user\\components\\ButtonProfile.tsx","statementMap":{"0":{"start":{"line":1,"column":0},"end":{"line":1,"column":26}},"1":{"start":{"line":2,"column":0},"end":{"line":2,"column":39}},"2":{"start":{"line":11,"column":45},"end":{"line":49,"column":1}},"3":{"start":{"line":21,"column":4},"end":{"line":21,"column":100}},"4":{"start":{"line":22,"column":24},"end":{"line":27,"column":4}},"5":{"start":{"line":28,"column":22},"end":{"line":28,"column":53}},"6":{"start":{"line":29,"column":24},"end":{"line":29,"column":59}},"7":{"start":{"line":31,"column":2},"end":{"line":48,"column":4}},"8":{"start":{"line":51,"column":0},"end":{"line":51,"column":29}}},"fnMap":{"0":{"name":"(anonymous_1)","decl":{"start":{"line":11,"column":45},"end":{"line":11,"column":46}},"loc":{"start":{"line":19,"column":5},"end":{"line":49,"column":1}}}},"branchMap":{"0":{"loc":{"start":{"line":12,"column":2},"end":{"line":12,"column":21}},"type":"default-arg","locations":[{"start":{"line":12,"column":12},"end":{"line":12,"column":21}}]},"1":{"loc":{"start":{"line":13,"column":2},"end":{"line":13,"column":19}},"type":"default-arg","locations":[{"start":{"line":13,"column":14},"end":{"line":13,"column":19}}]},"2":{"loc":{"start":{"line":15,"column":2},"end":{"line":15,"column":16}},"type":"default-arg","locations":[{"start":{"line":15,"column":14},"end":{"line":15,"column":16}}]},"3":{"loc":{"start":{"line":16,"column":2},"end":{"line":16,"column":19}},"type":"default-arg","locations":[{"start":{"line":16,"column":14},"end":{"line":16,"column":19}}]},"4":{"loc":{"start":{"line":28,"column":22},"end":{"line":28,"column":53}},"type":"cond-expr","locations":[{"start":{"line":28,"column":34},"end":{"line":28,"column":42}},{"start":{"line":28,"column":45},"end":{"line":28,"column":53}}]},"5":{"loc":{"start":{"line":29,"column":24},"end":{"line":29,"column":59}},"type":"cond-expr","locations":[{"start":{"line":29,"column":36},"end":{"line":29,"column":54}},{"start":{"line":29,"column":57},"end":{"line":29,"column":59}}]},"6":{"loc":{"start":{"line":34,"column":16},"end":{"line":34,"column":37}},"type":"binary-expr","locations":[{"start":{"line":34,"column":16},"end":{"line":34,"column":24}},{"start":{"line":34,"column":28},"end":{"line":34,"column":37}}]},"7":{"loc":{"start":{"line":38,"column":7},"end":{"line":45,"column":null}},"type":"binary-expr","locations":[{"start":{"line":38,"column":7},"end":{"line":38,"column":16}},{"start":{"line":39,"column":8},"end":{"line":44,"column":null}}]}},"s":{"0":1,"1":1,"2":1,"3":5,"4":5,"5":5,"6":5,"7":5,"8":1},"f":{"0":5},"b":{"0":[4],"1":[4],"2":[5],"3":[4],"4":[1,4],"5":[1,4],"6":[5,5],"7":[5,1]}}
,"D:\\MSIB-PRODUCT-ZILLA\\frontend-vercel\\src\\user\\components\\Card.tsx": {"path":"D:\\MSIB-PRODUCT-ZILLA\\frontend-vercel\\src\\user\\components\\Card.tsx","statementMap":{"0":{"start":{"line":1,"column":2},"end":{"line":1,"column":28}},"1":{"start":{"line":2,"column":2},"end":{"line":2,"column":65}},"2":{"start":{"line":3,"column":2},"end":{"line":3,"column":50}},"3":{"start":{"line":4,"column":2},"end":{"line":4,"column":42}},"4":{"start":{"line":5,"column":2},"end":{"line":5,"column":61}},"5":{"start":{"line":6,"column":2},"end":{"line":6,"column":45}},"6":{"start":{"line":21,"column":36},"end":{"line":70,"column":3}},"7":{"start":{"line":32,"column":4},"end":{"line":69,"column":6}},"8":{"start":{"line":72,"column":2},"end":{"line":72,"column":22}}},"fnMap":{"0":{"name":"(anonymous_1)","decl":{"start":{"line":21,"column":36},"end":{"line":21,"column":37}},"loc":{"start":{"line":31,"column":7},"end":{"line":70,"column":3}}}},"branchMap":{"0":{"loc":{"start":{"line":30,"column":4},"end":{"line":30,"column":18}},"type":"default-arg","locations":[{"start":{"line":30,"column":12},"end":{"line":30,"column":18}}]},"1":{"loc":{"start":{"line":60,"column":11},"end":{"line":65,"column":null}},"type":"cond-expr","locations":[{"start":{"line":61,"column":12},"end":{"line":62,"column":null}},{"start":{"line":65,"column":12},"end":{"line":65,"column":107}}]}},"s":{"0":1,"1":1,"2":1,"3":1,"4":1,"5":1,"6":1,"7":4,"8":1},"f":{"0":4},"b":{"0":[4],"1":[3,1]}}
,"D:\\MSIB-PRODUCT-ZILLA\\frontend-vercel\\src\\user\\components\\FormCard.tsx": {"path":"D:\\MSIB-PRODUCT-ZILLA\\frontend-vercel\\src\\user\\components\\FormCard.tsx","statementMap":{"0":{"start":{"line":1,"column":0},"end":{"line":1,"column":26}},"1":{"start":{"line":7,"column":42},"end":{"line":18,"column":1}},"2":{"start":{"line":8,"column":2},"end":{"line":17,"column":4}},"3":{"start":{"line":21,"column":0},"end":{"line":21,"column":24}}},"fnMap":{"0":{"name":"(anonymous_1)","decl":{"start":{"line":7,"column":42},"end":{"line":7,"column":43}},"loc":{"start":{"line":7,"column":66},"end":{"line":18,"column":1}}}},"branchMap":{},"s":{"0":1,"1":1,"2":3,"3":1},"f":{"0":3},"b":{}}
,"D:\\MSIB-PRODUCT-ZILLA\\frontend-vercel\\src\\user\\components\\Input.tsx": {"path":"D:\\MSIB-PRODUCT-ZILLA\\frontend-vercel\\src\\user\\components\\Input.tsx","statementMap":{"0":{"start":{"line":1,"column":0},"end":{"line":1,"column":26}},"1":{"start":{"line":9,"column":36},"end":{"line":31,"column":1}},"2":{"start":{"line":16,"column":2},"end":{"line":30,"column":4}},"3":{"start":{"line":33,"column":0},"end":{"line":33,"column":21}}},"fnMap":{"0":{"name":"(anonymous_1)","decl":{"start":{"line":9,"column":36},"end":{"line":9,"column":37}},"loc":{"start":{"line":15,"column":5},"end":{"line":31,"column":1}}}},"branchMap":{"0":{"loc":{"start":{"line":12,"column":2},"end":{"line":12,"column":16}},"type":"default-arg","locations":[{"start":{"line":12,"column":14},"end":{"line":12,"column":16}}]},"1":{"loc":{"start":{"line":18,"column":7},"end":{"line":21,"column":null}},"type":"binary-expr","locations":[{"start":{"line":18,"column":7},"end":{"line":18,"column":12}},{"start":{"line":19,"column":8},"end":{"line":20,"column":null}}]},"2":{"loc":{"start":{"line":28,"column":7},"end":{"line":28,"column":68}},"type":"binary-expr","locations":[{"start":{"line":28,"column":7},"end":{"line":28,"column":12}},{"start":{"line":28,"column":16},"end":{"line":28,"column":68}}]}},"s":{"0":1,"1":1,"2":5,"3":1},"f":{"0":5},"b":{"0":[4],"1":[5,1],"2":[5,1]}}
,"D:\\MSIB-PRODUCT-ZILLA\\frontend-vercel\\src\\user\\components\\Search.tsx": {"path":"D:\\MSIB-PRODUCT-ZILLA\\frontend-vercel\\src\\user\\components\\Search.tsx","statementMap":{"0":{"start":{"line":1,"column":0},"end":{"line":1,"column":40}},"1":{"start":{"line":8,"column":38},"end":{"line":55,"column":1}},"2":{"start":{"line":9,"column":28},"end":{"line":9,"column":48}},"3":{"start":{"line":10,"column":50},"end":{"line":10,"column":70}},"4":{"start":{"line":12,"column":28},"end":{"line":16,"column":3}},"5":{"start":{"line":13,"column":18},"end":{"line":13,"column":36}},"6":{"start":{"line":14,"column":4},"end":{"line":14,"column":20}},"7":{"start":{"line":15,"column":4},"end":{"line":15,"column":38}},"8":{"start":{"line":18,"column":31},"end":{"line":22,"column":3}},"9":{"start":{"line":19,"column":18},"end":{"line":19,"column":36}},"10":{"start":{"line":20,"column":4},"end":{"line":20,"column":31}},"11":{"start":{"line":21,"column":4},"end":{"line":21,"column":27}},"12":{"start":{"line":24,"column":2},"end":{"line":54,"column":4}},"13":{"start":{"line":41,"column":10},"end":{"line":42,"column":null}},"14":{"start":{"line":48,"column":23},"end":{"line":48,"column":56}},"15":{"start":{"line":57,"column":0},"end":{"line":57,"column":22}}},"fnMap":{"0":{"name":"(anonymous_6)","decl":{"start":{"line":8,"column":38},"end":{"line":8,"column":39}},"loc":{"start":{"line":8,"column":67},"end":{"line":55,"column":1}}},"1":{"name":"(anonymous_7)","decl":{"start":{"line":12,"column":28},"end":{"line":12,"column":29}},"loc":{"start":{"line":12,"column":75},"end":{"line":16,"column":3}}},"2":{"name":"(anonymous_8)","decl":{"start":{"line":18,"column":31},"end":{"line":18,"column":32}},"loc":{"start":{"line":18,"column":79},"end":{"line":22,"column":3}}},"3":{"name":"(anonymous_9)","decl":{"start":{"line":40,"column":24},"end":{"line":40,"column":25}},"loc":{"start":{"line":41,"column":10},"end":{"line":42,"column":null}}},"4":{"name":"(anonymous_10)","decl":{"start":{"line":48,"column":17},"end":{"line":48,"column":20}},"loc":{"start":{"line":48,"column":23},"end":{"line":48,"column":56}}}},"branchMap":{},"s":{"0":1,"1":1,"2":10,"3":10,"4":10,"5":3,"6":3,"7":3,"8":10,"9":3,"10":3,"11":3,"12":10,"13":20,"14":2,"15":1},"f":{"0":10,"1":3,"2":3,"3":20,"4":2},"b":{}}
,"D:\\MSIB-PRODUCT-ZILLA\\frontend-vercel\\src\\user\\components\\Select.tsx": {"path":"D:\\MSIB-PRODUCT-ZILLA\\frontend-vercel\\src\\user\\components\\Select.tsx","statementMap":{"0":{"start":{"line":1,"column":0},"end":{"line":1,"column":26}},"1":{"start":{"line":10,"column":38},"end":{"line":47,"column":1}},"2":{"start":{"line":18,"column":2},"end":{"line":46,"column":4}},"3":{"start":{"line":39,"column":10},"end":{"line":40,"column":null}},"4":{"start":{"line":49,"column":0},"end":{"line":49,"column":22}}},"fnMap":{"0":{"name":"(anonymous_1)","decl":{"start":{"line":10,"column":38},"end":{"line":10,"column":39}},"loc":{"start":{"line":17,"column":5},"end":{"line":47,"column":1}}},"1":{"name":"(anonymous_2)","decl":{"start":{"line":38,"column":21},"end":{"line":38,"column":22}},"loc":{"start":{"line":39,"column":10},"end":{"line":40,"column":null}}}},"branchMap":{"0":{"loc":{"start":{"line":15,"column":2},"end":{"line":15,"column":16}},"type":"default-arg","locations":[{"start":{"line":15,"column":14},"end":{"line":15,"column":16}}]},"1":{"loc":{"start":{"line":20,"column":7},"end":{"line":23,"column":null}},"type":"binary-expr","locations":[{"start":{"line":20,"column":7},"end":{"line":20,"column":12}},{"start":{"line":21,"column":8},"end":{"line":22,"column":null}}]},"2":{"loc":{"start":{"line":28,"column":12},"end":{"line":28,"column":56}},"type":"cond-expr","locations":[{"start":{"line":28,"column":20},"end":{"line":28,"column":36}},{"start":{"line":28,"column":39},"end":{"line":28,"column":56}}]},"3":{"loc":{"start":{"line":33,"column":9},"end":{"line":36,"column":null}},"type":"binary-expr","locations":[{"start":{"line":33,"column":9},"end":{"line":33,"column":20}},{"start":{"line":34,"column":10},"end":{"line":35,"column":null}}]},"4":{"loc":{"start":{"line":44,"column":7},"end":{"line":44,"column":68}},"type":"binary-expr","locations":[{"start":{"line":44,"column":7},"end":{"line":44,"column":12}},{"start":{"line":44,"column":16},"end":{"line":44,"column":68}}]}},"s":{"0":1,"1":1,"2":4,"3":8,"4":1},"f":{"0":4,"1":8},"b":{"0":[4],"1":[4,4],"2":[1,3],"3":[4,2],"4":[4,1]}}
}
