{"C:\\Users\\Paiss\\Desktop\\terbaru\\frontend\\src\\admin\\components\\DetailOragnizer.tsx": {"path":"C:\\Users\\Paiss\\Desktop\\terbaru\\frontend\\src\\admin\\components\\DetailOragnizer.tsx","statementMap":{"0":{"start":{"line":1,"column":0},"end":{"line":1,"column":40}},"1":{"start":{"line":2,"column":0},"end":{"line":2,"column":47}},"2":{"start":{"line":3,"column":0},"end":{"line":3,"column":48}},"3":{"start":{"line":4,"column":0},"end":{"line":4,"column":26}},"4":{"start":{"line":5,"column":24},"end":{"line":70,"column":1}},"5":{"start":{"line":6,"column":2},"end":{"line":69,"column":4}},"6":{"start":{"line":72,"column":0},"end":{"line":72,"column":31}}},"fnMap":{"0":{"name":"(anonymous_1)","decl":{"start":{"line":5,"column":24},"end":{"line":5,"column":27}},"loc":{"start":{"line":5,"column":29},"end":{"line":70,"column":1}}}},"branchMap":{},"s":{"0":0,"1":0,"2":0,"3":0,"4":0,"5":0,"6":0},"f":{"0":0},"b":{}}
,"C:\\Users\\Paiss\\Desktop\\terbaru\\frontend\\src\\components\\Fragments\\Button.tsx": {"path":"C:\\Users\\Paiss\\Desktop\\terbaru\\frontend\\src\\components\\Fragments\\Button.tsx","statementMap":{"0":{"start":{"line":1,"column":0},"end":{"line":1,"column":40}},"1":{"start":{"line":2,"column":0},"end":{"line":2,"column":25}},"2":{"start":{"line":11,"column":45},"end":{"line":22,"column":1}},"3":{"start":{"line":14,"column":4},"end":{"line":16,"column":null}},"4":{"start":{"line":21,"column":2},"end":{"line":21,"column":55}},"5":{"start":{"line":11,"column":13},"end":{"line":11,"column":45}}},"fnMap":{"0":{"name":"(anonymous_1)","decl":{"start":{"line":11,"column":45},"end":{"line":11,"column":46}},"loc":{"start":{"line":11,"column":81},"end":{"line":22,"column":1}}}},"branchMap":{"0":{"loc":{"start":{"line":15,"column":7},"end":{"line":15,"column":51}},"type":"binary-expr","locations":[{"start":{"line":15,"column":7},"end":{"line":15,"column":11}},{"start":{"line":15,"column":15},"end":{"line":15,"column":51}}]},"1":{"loc":{"start":{"line":21,"column":9},"end":{"line":21,"column":54}},"type":"cond-expr","locations":[{"start":{"line":21,"column":14},"end":{"line":21,"column":44}},{"start":{"line":21,"column":47},"end":{"line":21,"column":54}}]}},"s":{"0":1,"1":1,"2":1,"3":1,"4":1,"5":1},"f":{"0":1},"b":{"0":[1,0],"1":[0,1]}}
,"C:\\Users\\Paiss\\Desktop\\terbaru\\frontend\\src\\components\\Fragments\\Input.tsx": {"path":"C:\\Users\\Paiss\\Desktop\\terbaru\\frontend\\src\\components\\Fragments\\Input.tsx","statementMap":{"0":{"start":{"line":1,"column":0},"end":{"line":1,"column":26}},"1":{"start":{"line":15,"column":43},"end":{"line":41,"column":1}},"2":{"start":{"line":26,"column":4},"end":{"line":40,"column":6}},"3":{"start":{"line":15,"column":13},"end":{"line":15,"column":43}}},"fnMap":{"0":{"name":"(anonymous_1)","decl":{"start":{"line":15,"column":43},"end":{"line":15,"column":44}},"loc":{"start":{"line":25,"column":5},"end":{"line":41,"column":1}}}},"branchMap":{},"s":{"0":1,"1":1,"2":4,"3":1},"f":{"0":4},"b":{}}
,"C:\\Users\\Paiss\\Desktop\\terbaru\\frontend\\src\\components\\Layout\\Card.tsx": {"path":"C:\\Users\\Paiss\\Desktop\\terbaru\\frontend\\src\\components\\Layout\\Card.tsx","statementMap":{"0":{"start":{"line":7,"column":0},"end":{"line":7,"column":25}},"1":{"start":{"line":9,"column":34},"end":{"line":23,"column":1}},"2":{"start":{"line":10,"column":4},"end":{"line":22,"column":null}},"3":{"start":{"line":25,"column":0},"end":{"line":25,"column":null}}},"fnMap":{"0":{"name":"(anonymous_1)","decl":{"start":{"line":9,"column":34},"end":{"line":9,"column":35}},"loc":{"start":{"line":9,"column":63},"end":{"line":23,"column":1}}}},"branchMap":{},"s":{"0":1,"1":1,"2":3,"3":1},"f":{"0":3},"b":{}}
,"C:\\Users\\Paiss\\Desktop\\terbaru\\frontend\\src\\components\\Layout\\CardEvent.tsx": {"path":"C:\\Users\\Paiss\\Desktop\\terbaru\\frontend\\src\\components\\Layout\\CardEvent.tsx","statementMap":{"0":{"start":{"line":1,"column":0},"end":{"line":1,"column":44}},"1":{"start":{"line":2,"column":0},"end":{"line":2,"column":49}},"2":{"start":{"line":3,"column":0},"end":{"line":3,"column":48}},"3":{"start":{"line":4,"column":0},"end":{"line":4,"column":47}},"4":{"start":{"line":5,"column":0},"end":{"line":5,"column":25}},"5":{"start":{"line":15,"column":46},"end":{"line":33,"column":1}},"6":{"start":{"line":17,"column":4},"end":{"line":32,"column":null}},"7":{"start":{"line":15,"column":13},"end":{"line":15,"column":46}}},"fnMap":{"0":{"name":"(anonymous_1)","decl":{"start":{"line":15,"column":46},"end":{"line":15,"column":47}},"loc":{"start":{"line":15,"column":87},"end":{"line":33,"column":1}}}},"branchMap":{},"s":{"0":1,"1":1,"2":1,"3":1,"4":1,"5":1,"6":3,"7":1},"f":{"0":3},"b":{}}
,"C:\\Users\\Paiss\\Desktop\\terbaru\\frontend\\src\\components\\Layout\\CardProfile.tsx": {"path":"C:\\Users\\Paiss\\Desktop\\terbaru\\frontend\\src\\components\\Layout\\CardProfile.tsx","statementMap":{"0":{"start":{"line":1,"column":0},"end":{"line":1,"column":25}},"1":{"start":{"line":9,"column":51},"end":{"line":43,"column":1}},"2":{"start":{"line":11,"column":4},"end":{"line":42,"column":null}},"3":{"start":{"line":9,"column":13},"end":{"line":9,"column":51}}},"fnMap":{"0":{"name":"(anonymous_1)","decl":{"start":{"line":9,"column":51},"end":{"line":9,"column":52}},"loc":{"start":{"line":9,"column":94},"end":{"line":43,"column":1}}}},"branchMap":{},"s":{"0":1,"1":1,"2":1,"3":1},"f":{"0":1},"b":{}}
,"C:\\Users\\Paiss\\Desktop\\terbaru\\frontend\\src\\components\\Layout\\CardVerify.tsx": {"path":"C:\\Users\\Paiss\\Desktop\\terbaru\\frontend\\src\\components\\Layout\\CardVerify.tsx","statementMap":{"0":{"start":{"line":1,"column":0},"end":{"line":1,"column":25}},"1":{"start":{"line":9,"column":48},"end":{"line":24,"column":1}},"2":{"start":{"line":10,"column":4},"end":{"line":23,"column":null}},"3":{"start":{"line":9,"column":13},"end":{"line":9,"column":48}}},"fnMap":{"0":{"name":"(anonymous_1)","decl":{"start":{"line":9,"column":48},"end":{"line":9,"column":49}},"loc":{"start":{"line":9,"column":83},"end":{"line":24,"column":1}}}},"branchMap":{},"s":{"0":0,"1":0,"2":0,"3":0},"f":{"0":0},"b":{}}
,"C:\\Users\\Paiss\\Desktop\\terbaru\\frontend\\src\\components\\Layout\\Search.tsx": {"path":"C:\\Users\\Paiss\\Desktop\\terbaru\\frontend\\src\\components\\Layout\\Search.tsx","statementMap":{"0":{"start":{"line":1,"column":0},"end":{"line":1,"column":26}},"1":{"start":{"line":2,"column":0},"end":{"line":2,"column":42}},"2":{"start":{"line":10,"column":45},"end":{"line":29,"column":1}},"3":{"start":{"line":11,"column":2},"end":{"line":28,"column":4}},"4":{"start":{"line":10,"column":13},"end":{"line":10,"column":45}}},"fnMap":{"0":{"name":"(anonymous_1)","decl":{"start":{"line":10,"column":45},"end":{"line":10,"column":46}},"loc":{"start":{"line":10,"column":79},"end":{"line":29,"column":1}}}},"branchMap":{},"s":{"0":1,"1":1,"2":1,"3":3,"4":1},"f":{"0":3},"b":{}}
,"C:\\Users\\Paiss\\Desktop\\terbaru\\frontend\\src\\components\\Layout\\Sidebar.tsx": {"path":"C:\\Users\\Paiss\\Desktop\\terbaru\\frontend\\src\\components\\Layout\\Sidebar.tsx","statementMap":{"0":{"start":{"line":1,"column":0},"end":{"line":1,"column":33}},"1":{"start":{"line":2,"column":0},"end":{"line":2,"column":25}},"2":{"start":{"line":3,"column":0},"end":{"line":3,"column":47}},"3":{"start":{"line":4,"column":0},"end":{"line":4,"column":53}},"4":{"start":{"line":5,"column":0},"end":{"line":5,"column":46}},"5":{"start":{"line":19,"column":46},"end":{"line":82,"column":1}},"6":{"start":{"line":21,"column":26},"end":{"line":21,"column":50}},"7":{"start":{"line":22,"column":19},"end":{"line":22,"column":32}},"8":{"start":{"line":24,"column":23},"end":{"line":26,"column":3}},"9":{"start":{"line":25,"column":4},"end":{"line":25,"column":19}},"10":{"start":{"line":28,"column":2},"end":{"line":81,"column":4}},"11":{"start":{"line":47,"column":12},"end":{"line":52,"column":null}},"12":{"start":{"line":67,"column":12},"end":{"line":74,"column":null}},"13":{"start":{"line":19,"column":13},"end":{"line":19,"column":46}}},"fnMap":{"0":{"name":"(anonymous_1)","decl":{"start":{"line":19,"column":46},"end":{"line":19,"column":47}},"loc":{"start":{"line":19,"column":72},"end":{"line":82,"column":1}}},"1":{"name":"(anonymous_2)","decl":{"start":{"line":24,"column":23},"end":{"line":24,"column":26}},"loc":{"start":{"line":24,"column":28},"end":{"line":26,"column":3}}},"2":{"name":"(anonymous_3)","decl":{"start":{"line":46,"column":25},"end":{"line":46,"column":26}},"loc":{"start":{"line":47,"column":12},"end":{"line":52,"column":null}}},"3":{"name":"(anonymous_4)","decl":{"start":{"line":66,"column":25},"end":{"line":66,"column":26}},"loc":{"start":{"line":67,"column":12},"end":{"line":74,"column":null}}}},"branchMap":{"0":{"loc":{"start":{"line":30,"column":93},"end":{"line":30,"column":115}},"type":"cond-expr","locations":[{"start":{"line":30,"column":100},"end":{"line":30,"column":106}},{"start":{"line":30,"column":109},"end":{"line":30,"column":115}}]},"1":{"loc":{"start":{"line":33,"column":13},"end":{"line":40,"column":null}},"type":"cond-expr","locations":[{"start":{"line":34,"column":14},"end":{"line":35,"column":null}},{"start":{"line":38,"column":14},"end":{"line":39,"column":null}}]},"2":{"loc":{"start":{"line":47,"column":42},"end":{"line":47,"column":64}},"type":"cond-expr","locations":[{"start":{"line":47,"column":49},"end":{"line":47,"column":55}},{"start":{"line":47,"column":58},"end":{"line":47,"column":64}}]},"3":{"loc":{"start":{"line":48,"column":147},"end":{"line":48,"column":296}},"type":"cond-expr","locations":[{"start":{"line":48,"column":181},"end":{"line":48,"column":239}},{"start":{"line":48,"column":242},"end":{"line":48,"column":296}}]},"4":{"loc":{"start":{"line":50,"column":97},"end":{"line":50,"column":119}},"type":"cond-expr","locations":[{"start":{"line":50,"column":104},"end":{"line":50,"column":110}},{"start":{"line":50,"column":113},"end":{"line":50,"column":119}}]},"5":{"loc":{"start":{"line":51,"column":73},"end":{"line":51,"column":119}},"type":"cond-expr","locations":[{"start":{"line":51,"column":80},"end":{"line":51,"column":100}},{"start":{"line":51,"column":103},"end":{"line":51,"column":119}}]},"6":{"loc":{"start":{"line":58,"column":141},"end":{"line":58,"column":230}},"type":"cond-expr","locations":[{"start":{"line":58,"column":175},"end":{"line":58,"column":177}},{"start":{"line":58,"column":180},"end":{"line":58,"column":230}}]},"7":{"loc":{"start":{"line":59,"column":91},"end":{"line":59,"column":113}},"type":"cond-expr","locations":[{"start":{"line":59,"column":98},"end":{"line":59,"column":104}},{"start":{"line":59,"column":107},"end":{"line":59,"column":113}}]},"8":{"loc":{"start":{"line":60,"column":67},"end":{"line":60,"column":113}},"type":"cond-expr","locations":[{"start":{"line":60,"column":74},"end":{"line":60,"column":94}},{"start":{"line":60,"column":97},"end":{"line":60,"column":113}}]},"9":{"loc":{"start":{"line":70,"column":76},"end":{"line":70,"column":144}},"type":"cond-expr","locations":[{"start":{"line":70,"column":110},"end":{"line":70,"column":126}},{"start":{"line":70,"column":129},"end":{"line":70,"column":144}}]}},"s":{"0":0,"1":0,"2":0,"3":0,"4":0,"5":0,"6":0,"7":0,"8":0,"9":0,"10":0,"11":0,"12":0,"13":0},"f":{"0":0,"1":0,"2":0,"3":0},"b":{"0":[0,0],"1":[0,0],"2":[0,0],"3":[0,0],"4":[0,0],"5":[0,0],"6":[0,0],"7":[0,0],"8":[0,0],"9":[0,0]}}
,"C:\\Users\\Paiss\\Desktop\\terbaru\\frontend\\src\\components\\Layout\\Table.tsx": {"path":"C:\\Users\\Paiss\\Desktop\\terbaru\\frontend\\src\\components\\Layout\\Table.tsx","statementMap":{"0":{"start":{"line":2,"column":0},"end":{"line":2,"column":26}},"1":{"start":{"line":9,"column":42},"end":{"line":34,"column":1}},"2":{"start":{"line":10,"column":2},"end":{"line":33,"column":4}},"3":{"start":{"line":16,"column":14},"end":{"line":16,"column":93}},"4":{"start":{"line":22,"column":12},"end":{"line":27,"column":null}},"5":{"start":{"line":24,"column":16},"end":{"line":25,"column":null}},"6":{"start":{"line":9,"column":13},"end":{"line":9,"column":42}}},"fnMap":{"0":{"name":"(anonymous_1)","decl":{"start":{"line":9,"column":42},"end":{"line":9,"column":43}},"loc":{"start":{"line":9,"column":64},"end":{"line":34,"column":1}}},"1":{"name":"(anonymous_2)","decl":{"start":{"line":15,"column":25},"end":{"line":15,"column":26}},"loc":{"start":{"line":16,"column":14},"end":{"line":16,"column":93}}},"2":{"name":"(anonymous_3)","decl":{"start":{"line":21,"column":20},"end":{"line":21,"column":21}},"loc":{"start":{"line":22,"column":12},"end":{"line":27,"column":null}}},"3":{"name":"(anonymous_4)","decl":{"start":{"line":23,"column":27},"end":{"line":23,"column":28}},"loc":{"start":{"line":24,"column":16},"end":{"line":25,"column":null}}}},"branchMap":{},"s":{"0":1,"1":1,"2":3,"3":6,"4":6,"5":12,"6":1},"f":{"0":3,"1":6,"2":6,"3":12},"b":{}}
,"C:\\Users\\Paiss\\Desktop\\terbaru\\frontend\\src\\user\\components\\Button.tsx": {"path":"C:\\Users\\Paiss\\Desktop\\terbaru\\frontend\\src\\user\\components\\Button.tsx","statementMap":{"0":{"start":{"line":2,"column":0},"end":{"line":2,"column":26}},"1":{"start":{"line":14,"column":38},"end":{"line":54,"column":1}},"2":{"start":{"line":24,"column":23},"end":{"line":30,"column":4}},"3":{"start":{"line":32,"column":20},"end":{"line":37,"column":4}},"4":{"start":{"line":39,"column":21},"end":{"line":43,"column":4}},"5":{"start":{"line":45,"column":2},"end":{"line":53,"column":4}},"6":{"start":{"line":56,"column":0},"end":{"line":56,"column":22}}},"fnMap":{"0":{"name":"(anonymous_1)","decl":{"start":{"line":14,"column":38},"end":{"line":14,"column":39}},"loc":{"start":{"line":23,"column":5},"end":{"line":54,"column":1}}}},"branchMap":{"0":{"loc":{"start":{"line":15,"column":2},"end":{"line":15,"column":21}},"type":"default-arg","locations":[{"start":{"line":15,"column":12},"end":{"line":15,"column":21}}]},"1":{"loc":{"start":{"line":16,"column":2},"end":{"line":16,"column":13}},"type":"default-arg","locations":[{"start":{"line":16,"column":9},"end":{"line":16,"column":13}}]},"2":{"loc":{"start":{"line":18,"column":2},"end":{"line":18,"column":18}},"type":"default-arg","locations":[{"start":{"line":18,"column":16},"end":{"line":18,"column":18}}]},"3":{"loc":{"start":{"line":19,"column":2},"end":{"line":19,"column":16}},"type":"default-arg","locations":[{"start":{"line":19,"column":10},"end":{"line":19,"column":16}}]},"4":{"loc":{"start":{"line":42,"column":12},"end":{"line":42,"column":29}},"type":"binary-expr","locations":[{"start":{"line":42,"column":12},"end":{"line":42,"column":23}},{"start":{"line":42,"column":27},"end":{"line":42,"column":29}}]},"5":{"loc":{"start":{"line":50,"column":7},"end":{"line":50,"column":51}},"type":"binary-expr","locations":[{"start":{"line":50,"column":7},"end":{"line":50,"column":11}},{"start":{"line":50,"column":15},"end":{"line":50,"column":51}}]}},"s":{"0":1,"1":1,"2":8,"3":8,"4":8,"5":8,"6":1},"f":{"0":8},"b":{"0":[7],"1":[7],"2":[7],"3":[6],"4":[8,7],"5":[8,1]}}
,"C:\\Users\\Paiss\\Desktop\\terbaru\\frontend\\src\\user\\components\\ButtonProfile.tsx": {"path":"C:\\Users\\Paiss\\Desktop\\terbaru\\frontend\\src\\user\\components\\ButtonProfile.tsx","statementMap":{"0":{"start":{"line":1,"column":0},"end":{"line":1,"column":26}},"1":{"start":{"line":2,"column":0},"end":{"line":2,"column":39}},"2":{"start":{"line":11,"column":45},"end":{"line":49,"column":1}},"3":{"start":{"line":21,"column":4},"end":{"line":21,"column":100}},"4":{"start":{"line":22,"column":24},"end":{"line":27,"column":4}},"5":{"start":{"line":28,"column":22},"end":{"line":28,"column":53}},"6":{"start":{"line":29,"column":24},"end":{"line":29,"column":59}},"7":{"start":{"line":31,"column":2},"end":{"line":48,"column":4}},"8":{"start":{"line":51,"column":0},"end":{"line":51,"column":29}}},"fnMap":{"0":{"name":"(anonymous_1)","decl":{"start":{"line":11,"column":45},"end":{"line":11,"column":46}},"loc":{"start":{"line":19,"column":5},"end":{"line":49,"column":1}}}},"branchMap":{"0":{"loc":{"start":{"line":12,"column":2},"end":{"line":12,"column":21}},"type":"default-arg","locations":[{"start":{"line":12,"column":12},"end":{"line":12,"column":21}}]},"1":{"loc":{"start":{"line":13,"column":2},"end":{"line":13,"column":19}},"type":"default-arg","locations":[{"start":{"line":13,"column":14},"end":{"line":13,"column":19}}]},"2":{"loc":{"start":{"line":15,"column":2},"end":{"line":15,"column":16}},"type":"default-arg","locations":[{"start":{"line":15,"column":14},"end":{"line":15,"column":16}}]},"3":{"loc":{"start":{"line":16,"column":2},"end":{"line":16,"column":19}},"type":"default-arg","locations":[{"start":{"line":16,"column":14},"end":{"line":16,"column":19}}]},"4":{"loc":{"start":{"line":28,"column":22},"end":{"line":28,"column":53}},"type":"cond-expr","locations":[{"start":{"line":28,"column":34},"end":{"line":28,"column":42}},{"start":{"line":28,"column":45},"end":{"line":28,"column":53}}]},"5":{"loc":{"start":{"line":29,"column":24},"end":{"line":29,"column":59}},"type":"cond-expr","locations":[{"start":{"line":29,"column":36},"end":{"line":29,"column":54}},{"start":{"line":29,"column":57},"end":{"line":29,"column":59}}]},"6":{"loc":{"start":{"line":34,"column":16},"end":{"line":34,"column":37}},"type":"binary-expr","locations":[{"start":{"line":34,"column":16},"end":{"line":34,"column":24}},{"start":{"line":34,"column":28},"end":{"line":34,"column":37}}]},"7":{"loc":{"start":{"line":38,"column":7},"end":{"line":45,"column":null}},"type":"binary-expr","locations":[{"start":{"line":38,"column":7},"end":{"line":38,"column":16}},{"start":{"line":39,"column":8},"end":{"line":44,"column":null}}]}},"s":{"0":1,"1":1,"2":1,"3":5,"4":5,"5":5,"6":5,"7":5,"8":1},"f":{"0":5},"b":{"0":[4],"1":[4],"2":[5],"3":[4],"4":[1,4],"5":[1,4],"6":[5,5],"7":[5,1]}}
,"C:\\Users\\Paiss\\Desktop\\terbaru\\frontend\\src\\user\\components\\Card.tsx": {"path":"C:\\Users\\Paiss\\Desktop\\terbaru\\frontend\\src\\user\\components\\Card.tsx","statementMap":{"0":{"start":{"line":1,"column":2},"end":{"line":1,"column":28}},"1":{"start":{"line":2,"column":2},"end":{"line":2,"column":65}},"2":{"start":{"line":3,"column":2},"end":{"line":3,"column":50}},"3":{"start":{"line":4,"column":2},"end":{"line":4,"column":42}},"4":{"start":{"line":5,"column":2},"end":{"line":5,"column":61}},"5":{"start":{"line":6,"column":2},"end":{"line":6,"column":45}},"6":{"start":{"line":21,"column":36},"end":{"line":70,"column":3}},"7":{"start":{"line":32,"column":4},"end":{"line":69,"column":6}},"8":{"start":{"line":72,"column":2},"end":{"line":72,"column":22}}},"fnMap":{"0":{"name":"(anonymous_1)","decl":{"start":{"line":21,"column":36},"end":{"line":21,"column":37}},"loc":{"start":{"line":31,"column":7},"end":{"line":70,"column":3}}}},"branchMap":{"0":{"loc":{"start":{"line":30,"column":4},"end":{"line":30,"column":18}},"type":"default-arg","locations":[{"start":{"line":30,"column":12},"end":{"line":30,"column":18}}]},"1":{"loc":{"start":{"line":60,"column":11},"end":{"line":65,"column":null}},"type":"cond-expr","locations":[{"start":{"line":61,"column":12},"end":{"line":62,"column":null}},{"start":{"line":65,"column":12},"end":{"line":65,"column":107}}]}},"s":{"0":1,"1":1,"2":1,"3":1,"4":1,"5":1,"6":1,"7":4,"8":1},"f":{"0":4},"b":{"0":[4],"1":[3,1]}}
,"C:\\Users\\Paiss\\Desktop\\terbaru\\frontend\\src\\user\\components\\CardDetail.tsx": {"path":"C:\\Users\\Paiss\\Desktop\\terbaru\\frontend\\src\\user\\components\\CardDetail.tsx","statementMap":{"0":{"start":{"line":1,"column":0},"end":{"line":1,"column":26}},"1":{"start":{"line":2,"column":0},"end":{"line":2,"column":58}},"2":{"start":{"line":3,"column":0},"end":{"line":3,"column":58}},"3":{"start":{"line":15,"column":46},"end":{"line":66,"column":1}},"4":{"start":{"line":25,"column":24},"end":{"line":25,"column":72}},"5":{"start":{"line":26,"column":30},"end":{"line":26,"column":71}},"6":{"start":{"line":28,"column":2},"end":{"line":65,"column":4}},"7":{"start":{"line":68,"column":0},"end":{"line":68,"column":26}}},"fnMap":{"0":{"name":"(anonymous_1)","decl":{"start":{"line":15,"column":46},"end":{"line":15,"column":47}},"loc":{"start":{"line":23,"column":5},"end":{"line":66,"column":1}}}},"branchMap":{"0":{"loc":{"start":{"line":25,"column":24},"end":{"line":25,"column":72}},"type":"cond-expr","locations":[{"start":{"line":25,"column":51},"end":{"line":25,"column":65}},{"start":{"line":25,"column":68},"end":{"line":25,"column":72}}]},"1":{"loc":{"start":{"line":44,"column":7},"end":{"line":48,"column":null}},"type":"binary-expr","locations":[{"start":{"line":44,"column":7},"end":{"line":44,"column":16}},{"start":{"line":44,"column":20},"end":{"line":44,"column":30}},{"start":{"line":45,"column":8},"end":{"line":47,"column":null}}]},"2":{"loc":{"start":{"line":58,"column":7},"end":{"line":62,"column":null}},"type":"binary-expr","locations":[{"start":{"line":58,"column":7},"end":{"line":58,"column":26}},{"start":{"line":59,"column":8},"end":{"line":61,"column":null}}]}},"s":{"0":0,"1":0,"2":0,"3":0,"4":0,"5":0,"6":0,"7":0},"f":{"0":0},"b":{"0":[0,0],"1":[0,0,0],"2":[0,0]}}
,"C:\\Users\\Paiss\\Desktop\\terbaru\\frontend\\src\\user\\components\\DetailTiket.tsx": {"path":"C:\\Users\\Paiss\\Desktop\\terbaru\\frontend\\src\\user\\components\\DetailTiket.tsx","statementMap":{"0":{"start":{"line":1,"column":0},"end":{"line":1,"column":41}},"1":{"start":{"line":2,"column":0},"end":{"line":2,"column":58}},"2":{"start":{"line":3,"column":0},"end":{"line":3,"column":82}},"3":{"start":{"line":4,"column":0},"end":{"line":4,"column":66}},"4":{"start":{"line":6,"column":30},"end":{"line":95,"column":1}},"5":{"start":{"line":7,"column":17},"end":{"line":7,"column":28}},"6":{"start":{"line":8,"column":19},"end":{"line":8,"column":32}},"7":{"start":{"line":9,"column":19},"end":{"line":9,"column":35}},"8":{"start":{"line":12,"column":32},"end":{"line":12,"column":69}},"9":{"start":{"line":12,"column":56},"end":{"line":12,"column":68}},"10":{"start":{"line":14,"column":2},"end":{"line":18,"column":21}},"11":{"start":{"line":15,"column":4},"end":{"line":17,"column":5}},"12":{"start":{"line":16,"column":6},"end":{"line":16,"column":44}},"13":{"start":{"line":21,"column":2},"end":{"line":23,"column":3}},"14":{"start":{"line":22,"column":4},"end":{"line":22,"column":33}},"15":{"start":{"line":25,"column":2},"end":{"line":94,"column":4}},"16":{"start":{"line":32,"column":8},"end":{"line":90,"column":null}},"17":{"start":{"line":38,"column":33},"end":{"line":38,"column":57}},"18":{"start":{"line":97,"column":0},"end":{"line":97,"column":27}}},"fnMap":{"0":{"name":"(anonymous_6)","decl":{"start":{"line":6,"column":30},"end":{"line":6,"column":33}},"loc":{"start":{"line":6,"column":35},"end":{"line":95,"column":1}}},"1":{"name":"(anonymous_7)","decl":{"start":{"line":12,"column":47},"end":{"line":12,"column":52}},"loc":{"start":{"line":12,"column":56},"end":{"line":12,"column":68}}},"2":{"name":"(anonymous_8)","decl":{"start":{"line":14,"column":12},"end":{"line":14,"column":15}},"loc":{"start":{"line":14,"column":17},"end":{"line":18,"column":3}}},"3":{"name":"(anonymous_9)","decl":{"start":{"line":31,"column":19},"end":{"line":31,"column":20}},"loc":{"start":{"line":32,"column":8},"end":{"line":90,"column":null}}},"4":{"name":"(anonymous_10)","decl":{"start":{"line":38,"column":27},"end":{"line":38,"column":30}},"loc":{"start":{"line":38,"column":33},"end":{"line":38,"column":57}}}},"branchMap":{"0":{"loc":{"start":{"line":15,"column":4},"end":{"line":17,"column":5}},"type":"if","locations":[{"start":{"line":15,"column":4},"end":{"line":17,"column":5}}]},"1":{"loc":{"start":{"line":21,"column":2},"end":{"line":23,"column":3}},"type":"if","locations":[{"start":{"line":21,"column":2},"end":{"line":23,"column":3}}]},"2":{"loc":{"start":{"line":33,"column":11},"end":{"line":48,"column":null}},"type":"binary-expr","locations":[{"start":{"line":33,"column":11},"end":{"line":33,"column":18}},{"start":{"line":34,"column":12},"end":{"line":47,"column":null}}]},"3":{"loc":{"start":{"line":72,"column":21},"end":{"line":72,"column":85}},"type":"binary-expr","locations":[{"start":{"line":72,"column":21},"end":{"line":72,"column":51}},{"start":{"line":72,"column":55},"end":{"line":72,"column":85}}]},"4":{"loc":{"start":{"line":79,"column":24},"end":{"line":83,"column":49}},"type":"cond-expr","locations":[{"start":{"line":80,"column":26},"end":{"line":80,"column":51}},{"start":{"line":81,"column":26},"end":{"line":83,"column":49}}]},"5":{"loc":{"start":{"line":81,"column":26},"end":{"line":83,"column":49}},"type":"cond-expr","locations":[{"start":{"line":82,"column":26},"end":{"line":82,"column":50}},{"start":{"line":83,"column":26},"end":{"line":83,"column":49}}]}},"s":{"0":0,"1":0,"2":0,"3":0,"4":0,"5":0,"6":0,"7":0,"8":0,"9":0,"10":0,"11":0,"12":0,"13":0,"14":0,"15":0,"16":0,"17":0,"18":0},"f":{"0":0,"1":0,"2":0,"3":0,"4":0},"b":{"0":[0],"1":[0],"2":[0,0],"3":[0,0],"4":[0,0],"5":[0,0]}}
,"C:\\Users\\Paiss\\Desktop\\terbaru\\frontend\\src\\user\\components\\Footer.tsx": {"path":"C:\\Users\\Paiss\\Desktop\\terbaru\\frontend\\src\\user\\components\\Footer.tsx","statementMap":{"0":{"start":{"line":1,"column":0},"end":{"line":1,"column":26}},"1":{"start":{"line":2,"column":0},"end":{"line":2,"column":50}},"2":{"start":{"line":3,"column":0},"end":{"line":3,"column":40}},"3":{"start":{"line":7,"column":25},"end":{"line":17,"column":1}},"4":{"start":{"line":8,"column":2},"end":{"line":16,"column":4}},"5":{"start":{"line":19,"column":0},"end":{"line":19,"column":22}}},"fnMap":{"0":{"name":"(anonymous_1)","decl":{"start":{"line":7,"column":25},"end":{"line":7,"column":28}},"loc":{"start":{"line":7,"column":30},"end":{"line":17,"column":1}}}},"branchMap":{},"s":{"0":0,"1":0,"2":0,"3":0,"4":0,"5":0},"f":{"0":0},"b":{}}
,"C:\\Users\\Paiss\\Desktop\\terbaru\\frontend\\src\\user\\components\\FormCard.tsx": {"path":"C:\\Users\\Paiss\\Desktop\\terbaru\\frontend\\src\\user\\components\\FormCard.tsx","statementMap":{"0":{"start":{"line":1,"column":0},"end":{"line":1,"column":26}},"1":{"start":{"line":7,"column":42},"end":{"line":18,"column":1}},"2":{"start":{"line":8,"column":2},"end":{"line":17,"column":4}},"3":{"start":{"line":21,"column":0},"end":{"line":21,"column":24}}},"fnMap":{"0":{"name":"(anonymous_1)","decl":{"start":{"line":7,"column":42},"end":{"line":7,"column":43}},"loc":{"start":{"line":7,"column":66},"end":{"line":18,"column":1}}}},"branchMap":{},"s":{"0":1,"1":1,"2":3,"3":1},"f":{"0":3},"b":{}}
,"C:\\Users\\Paiss\\Desktop\\terbaru\\frontend\\src\\user\\components\\ImageSlider.tsx": {"path":"C:\\Users\\Paiss\\Desktop\\terbaru\\frontend\\src\\user\\components\\ImageSlider.tsx","statementMap":{"0":{"start":{"line":1,"column":0},"end":{"line":1,"column":26}},"1":{"start":{"line":2,"column":0},"end":{"line":2,"column":51}},"2":{"start":{"line":3,"column":0},"end":{"line":3,"column":54}},"3":{"start":{"line":4,"column":0},"end":{"line":4,"column":57}},"4":{"start":{"line":5,"column":0},"end":{"line":5,"column":40}},"5":{"start":{"line":6,"column":0},"end":{"line":6,"column":20}},"6":{"start":{"line":7,"column":0},"end":{"line":7,"column":31}},"7":{"start":{"line":14,"column":48},"end":{"line":81,"column":1}},"8":{"start":{"line":15,"column":23},"end":{"line":15,"column":52}},"9":{"start":{"line":17,"column":2},"end":{"line":80,"column":4}},"10":{"start":{"line":65,"column":12},"end":{"line":74,"column":null}},"11":{"start":{"line":83,"column":0},"end":{"line":83,"column":27}}},"fnMap":{"0":{"name":"(anonymous_1)","decl":{"start":{"line":14,"column":48},"end":{"line":14,"column":49}},"loc":{"start":{"line":14,"column":71},"end":{"line":81,"column":1}}},"1":{"name":"(anonymous_2)","decl":{"start":{"line":64,"column":34},"end":{"line":64,"column":35}},"loc":{"start":{"line":65,"column":12},"end":{"line":74,"column":null}}}},"branchMap":{},"s":{"0":0,"1":0,"2":0,"3":0,"4":0,"5":0,"6":0,"7":0,"8":0,"9":0,"10":0,"11":0},"f":{"0":0,"1":0},"b":{}}
,"C:\\Users\\Paiss\\Desktop\\terbaru\\frontend\\src\\user\\components\\Input.tsx": {"path":"C:\\Users\\Paiss\\Desktop\\terbaru\\frontend\\src\\user\\components\\Input.tsx","statementMap":{"0":{"start":{"line":1,"column":0},"end":{"line":1,"column":26}},"1":{"start":{"line":9,"column":36},"end":{"line":31,"column":1}},"2":{"start":{"line":16,"column":2},"end":{"line":30,"column":4}},"3":{"start":{"line":33,"column":0},"end":{"line":33,"column":21}}},"fnMap":{"0":{"name":"(anonymous_1)","decl":{"start":{"line":9,"column":36},"end":{"line":9,"column":37}},"loc":{"start":{"line":15,"column":5},"end":{"line":31,"column":1}}}},"branchMap":{"0":{"loc":{"start":{"line":12,"column":2},"end":{"line":12,"column":16}},"type":"default-arg","locations":[{"start":{"line":12,"column":14},"end":{"line":12,"column":16}}]},"1":{"loc":{"start":{"line":18,"column":7},"end":{"line":21,"column":null}},"type":"binary-expr","locations":[{"start":{"line":18,"column":7},"end":{"line":18,"column":12}},{"start":{"line":19,"column":8},"end":{"line":20,"column":null}}]},"2":{"loc":{"start":{"line":28,"column":7},"end":{"line":28,"column":68}},"type":"binary-expr","locations":[{"start":{"line":28,"column":7},"end":{"line":28,"column":12}},{"start":{"line":28,"column":16},"end":{"line":28,"column":68}}]}},"s":{"0":1,"1":1,"2":5,"3":1},"f":{"0":5},"b":{"0":[4],"1":[5,1],"2":[5,1]}}
,"C:\\Users\\Paiss\\Desktop\\terbaru\\frontend\\src\\user\\components\\Navbar.tsx": {"path":"C:\\Users\\Paiss\\Desktop\\terbaru\\frontend\\src\\user\\components\\Navbar.tsx","statementMap":{"0":{"start":{"line":1,"column":2},"end":{"line":1,"column":42}},"1":{"start":{"line":2,"column":2},"end":{"line":2,"column":52}},"2":{"start":{"line":3,"column":2},"end":{"line":3,"column":25}},"3":{"start":{"line":4,"column":2},"end":{"line":4,"column":44}},"4":{"start":{"line":5,"column":2},"end":{"line":5,"column":55}},"5":{"start":{"line":6,"column":2},"end":{"line":6,"column":52}},"6":{"start":{"line":7,"column":2},"end":{"line":7,"column":45}},"7":{"start":{"line":8,"column":2},"end":{"line":8,"column":47}},"8":{"start":{"line":9,"column":2},"end":{"line":9,"column":46}},"9":{"start":{"line":10,"column":2},"end":{"line":10,"column":46}},"10":{"start":{"line":11,"column":2},"end":{"line":11,"column":27}},"11":{"start":{"line":13,"column":27},"end":{"line":210,"column":3}},"12":{"start":{"line":14,"column":32},"end":{"line":14,"column":47}},"13":{"start":{"line":15,"column":36},"end":{"line":15,"column":60}},"14":{"start":{"line":16,"column":36},"end":{"line":16,"column":65}},"15":{"start":{"line":19,"column":4},"end":{"line":27,"column":11}},"16":{"start":{"line":21,"column":20},"end":{"line":21,"column":49}},"17":{"start":{"line":22,"column":29},"end":{"line":22,"column":61}},"18":{"start":{"line":23,"column":6},"end":{"line":26,"column":7}},"19":{"start":{"line":24,"column":8},"end":{"line":24,"column":26}},"20":{"start":{"line":25,"column":8},"end":{"line":25,"column":36}},"21":{"start":{"line":29,"column":4},"end":{"line":209,"column":6}},"22":{"start":{"line":128,"column":27},"end":{"line":128,"column":45}},"23":{"start":{"line":212,"column":2},"end":{"line":212,"column":24}}},"fnMap":{"0":{"name":"(anonymous_1)","decl":{"start":{"line":13,"column":27},"end":{"line":13,"column":30}},"loc":{"start":{"line":13,"column":32},"end":{"line":210,"column":3}}},"1":{"name":"(anonymous_2)","decl":{"start":{"line":19,"column":14},"end":{"line":19,"column":17}},"loc":{"start":{"line":19,"column":19},"end":{"line":27,"column":5}}},"2":{"name":"(anonymous_3)","decl":{"start":{"line":128,"column":21},"end":{"line":128,"column":24}},"loc":{"start":{"line":128,"column":27},"end":{"line":128,"column":45}}}},"branchMap":{"0":{"loc":{"start":{"line":23,"column":6},"end":{"line":26,"column":7}},"type":"if","locations":[{"start":{"line":23,"column":6},"end":{"line":26,"column":7}}]},"1":{"loc":{"start":{"line":23,"column":10},"end":{"line":23,"column":33}},"type":"binary-expr","locations":[{"start":{"line":23,"column":10},"end":{"line":23,"column":15}},{"start":{"line":23,"column":19},"end":{"line":23,"column":33}}]},"2":{"loc":{"start":{"line":40,"column":11},"end":{"line":120,"column":null}},"type":"cond-expr","locations":[{"start":{"line":42,"column":12},"end":{"line":95,"column":null}},{"start":{"line":99,"column":12},"end":{"line":118,"column":null}}]},"3":{"loc":{"start":{"line":133,"column":11},"end":{"line":205,"column":null}},"type":"binary-expr","locations":[{"start":{"line":133,"column":11},"end":{"line":133,"column":17}},{"start":{"line":134,"column":12},"end":{"line":204,"column":null}}]},"4":{"loc":{"start":{"line":135,"column":15},"end":{"line":203,"column":null}},"type":"cond-expr","locations":[{"start":{"line":137,"column":16},"end":{"line":153,"column":null}},{"start":{"line":157,"column":16},"end":{"line":202,"column":null}}]}},"s":{"0":0,"1":0,"2":0,"3":0,"4":0,"5":0,"6":0,"7":0,"8":0,"9":0,"10":0,"11":0,"12":0,"13":0,"14":0,"15":0,"16":0,"17":0,"18":0,"19":0,"20":0,"21":0,"22":0,"23":0},"f":{"0":0,"1":0,"2":0},"b":{"0":[0],"1":[0,0],"2":[0,0],"3":[0,0],"4":[0,0]}}
,"C:\\Users\\Paiss\\Desktop\\terbaru\\frontend\\src\\user\\components\\PasswordInput.tsx": {"path":"C:\\Users\\Paiss\\Desktop\\terbaru\\frontend\\src\\user\\components\\PasswordInput.tsx","statementMap":{"0":{"start":{"line":1,"column":0},"end":{"line":1,"column":40}},"1":{"start":{"line":2,"column":0},"end":{"line":2,"column":43}},"2":{"start":{"line":12,"column":52},"end":{"line":69,"column":1}},"3":{"start":{"line":20,"column":26},"end":{"line":20,"column":41}},"4":{"start":{"line":22,"column":27},"end":{"line":30,"column":3}},"5":{"start":{"line":23,"column":4},"end":{"line":25,"column":5}},"6":{"start":{"line":24,"column":6},"end":{"line":24,"column":70}},"7":{"start":{"line":29,"column":4},"end":{"line":29,"column":21}},"8":{"start":{"line":33,"column":4},"end":{"line":33,"column":69}},"9":{"start":{"line":35,"column":2},"end":{"line":68,"column":4}},"10":{"start":{"line":53,"column":25},"end":{"line":53,"column":39}},"11":{"start":{"line":71,"column":0},"end":{"line":71,"column":29}}},"fnMap":{"0":{"name":"(anonymous_6)","decl":{"start":{"line":12,"column":52},"end":{"line":12,"column":53}},"loc":{"start":{"line":19,"column":5},"end":{"line":69,"column":1}}},"1":{"name":"(anonymous_7)","decl":{"start":{"line":22,"column":27},"end":{"line":22,"column":28}},"loc":{"start":{"line":22,"column":65},"end":{"line":30,"column":3}}},"2":{"name":"(anonymous_8)","decl":{"start":{"line":53,"column":19},"end":{"line":53,"column":22}},"loc":{"start":{"line":53,"column":25},"end":{"line":53,"column":39}}}},"branchMap":{"0":{"loc":{"start":{"line":16,"column":2},"end":{"line":16,"column":15}},"type":"default-arg","locations":[{"start":{"line":16,"column":14},"end":{"line":16,"column":15}}]},"1":{"loc":{"start":{"line":23,"column":4},"end":{"line":25,"column":5}},"type":"if","locations":[{"start":{"line":23,"column":4},"end":{"line":25,"column":5}}]},"2":{"loc":{"start":{"line":23,"column":8},"end":{"line":23,"column":41}},"type":"binary-expr","locations":[{"start":{"line":23,"column":8},"end":{"line":23,"column":13}},{"start":{"line":23,"column":17},"end":{"line":23,"column":41}}]},"3":{"loc":{"start":{"line":33,"column":4},"end":{"line":33,"column":69}},"type":"binary-expr","locations":[{"start":{"line":33,"column":4},"end":{"line":33,"column":9}},{"start":{"line":33,"column":14},"end":{"line":33,"column":25}},{"start":{"line":33,"column":29},"end":{"line":33,"column":68}}]},"4":{"loc":{"start":{"line":37,"column":7},"end":{"line":40,"column":null}},"type":"binary-expr","locations":[{"start":{"line":37,"column":7},"end":{"line":37,"column":18}},{"start":{"line":38,"column":8},"end":{"line":39,"column":null}}]},"5":{"loc":{"start":{"line":44,"column":16},"end":{"line":44,"column":42}},"type":"cond-expr","locations":[{"start":{"line":44,"column":23},"end":{"line":44,"column":29}},{"start":{"line":44,"column":32},"end":{"line":44,"column":42}}]},"6":{"loc":{"start":{"line":46,"column":14},"end":{"line":46,"column":66}},"type":"cond-expr","locations":[{"start":{"line":46,"column":30},"end":{"line":46,"column":46}},{"start":{"line":46,"column":49},"end":{"line":46,"column":66}}]},"7":{"loc":{"start":{"line":55,"column":22},"end":{"line":55,"column":62}},"type":"cond-expr","locations":[{"start":{"line":55,"column":29},"end":{"line":55,"column":44}},{"start":{"line":55,"column":47},"end":{"line":55,"column":62}}]},"8":{"loc":{"start":{"line":57,"column":11},"end":{"line":60,"column":null}},"type":"cond-expr","locations":[{"start":{"line":58,"column":12},"end":{"line":58,"column":56}},{"start":{"line":60,"column":12},"end":{"line":60,"column":53}}]},"9":{"loc":{"start":{"line":64,"column":7},"end":{"line":65,"column":null}},"type":"binary-expr","locations":[{"start":{"line":64,"column":7},"end":{"line":64,"column":20}},{"start":{"line":65,"column":8},"end":{"line":65,"column":68}}]}},"s":{"0":0,"1":0,"2":0,"3":0,"4":0,"5":0,"6":0,"7":0,"8":0,"9":0,"10":0,"11":0},"f":{"0":0,"1":0,"2":0},"b":{"0":[0],"1":[0],"2":[0,0],"3":[0,0,0],"4":[0,0],"5":[0,0],"6":[0,0],"7":[0,0],"8":[0,0],"9":[0,0]}}
,"C:\\Users\\Paiss\\Desktop\\terbaru\\frontend\\src\\user\\components\\RiwayatTransaksi.tsx": {"path":"C:\\Users\\Paiss\\Desktop\\terbaru\\frontend\\src\\user\\components\\RiwayatTransaksi.tsx","statementMap":{"0":{"start":{"line":1,"column":0},"end":{"line":1,"column":51}},"1":{"start":{"line":2,"column":0},"end":{"line":2,"column":34}},"2":{"start":{"line":3,"column":0},"end":{"line":3,"column":37}},"3":{"start":{"line":5,"column":35},"end":{"line":132,"column":1}},"4":{"start":{"line":6,"column":32},"end":{"line":6,"column":51}},"5":{"start":{"line":7,"column":56},"end":{"line":7,"column":82}},"6":{"start":{"line":8,"column":40},"end":{"line":8,"column":55}},"7":{"start":{"line":10,"column":23},"end":{"line":17,"column":3}},"8":{"start":{"line":11,"column":4},"end":{"line":16,"column":5}},"9":{"start":{"line":12,"column":23},"end":{"line":12,"column":56}},"10":{"start":{"line":13,"column":6},"end":{"line":13,"column":37}},"11":{"start":{"line":15,"column":6},"end":{"line":15,"column":66}},"12":{"start":{"line":19,"column":26},"end":{"line":22,"column":3}},"13":{"start":{"line":20,"column":4},"end":{"line":20,"column":40}},"14":{"start":{"line":21,"column":4},"end":{"line":21,"column":25}},"15":{"start":{"line":24,"column":27},"end":{"line":27,"column":3}},"16":{"start":{"line":25,"column":4},"end":{"line":25,"column":26}},"17":{"start":{"line":26,"column":4},"end":{"line":26,"column":33}},"18":{"start":{"line":29,"column":2},"end":{"line":31,"column":9}},"19":{"start":{"line":30,"column":4},"end":{"line":30,"column":19}},"20":{"start":{"line":34,"column":69},"end":{"line":83,"column":3}},"21":{"start":{"line":35,"column":4},"end":{"line":82,"column":6}},"22":{"start":{"line":85,"column":2},"end":{"line":131,"column":4}},"23":{"start":{"line":89,"column":39},"end":{"line":89,"column":56}},"24":{"start":{"line":95,"column":43},"end":{"line":95,"column":60}},"25":{"start":{"line":96,"column":14},"end":{"line":121,"column":null}},"26":{"start":{"line":117,"column":33},"end":{"line":117,"column":61}},"27":{"start":{"line":134,"column":0},"end":{"line":134,"column":32}}},"fnMap":{"0":{"name":"(anonymous_7)","decl":{"start":{"line":5,"column":35},"end":{"line":5,"column":38}},"loc":{"start":{"line":5,"column":40},"end":{"line":132,"column":1}}},"1":{"name":"(anonymous_8)","decl":{"start":{"line":10,"column":23},"end":{"line":10,"column":28}},"loc":{"start":{"line":10,"column":34},"end":{"line":17,"column":3}}},"2":{"name":"(anonymous_9)","decl":{"start":{"line":19,"column":26},"end":{"line":19,"column":27}},"loc":{"start":{"line":19,"column":47},"end":{"line":22,"column":3}}},"3":{"name":"(anonymous_10)","decl":{"start":{"line":24,"column":27},"end":{"line":24,"column":30}},"loc":{"start":{"line":24,"column":32},"end":{"line":27,"column":3}}},"4":{"name":"(anonymous_11)","decl":{"start":{"line":29,"column":12},"end":{"line":29,"column":15}},"loc":{"start":{"line":29,"column":17},"end":{"line":31,"column":3}}},"5":{"name":"(anonymous_12)","decl":{"start":{"line":34,"column":69},"end":{"line":34,"column":70}},"loc":{"start":{"line":34,"column":98},"end":{"line":83,"column":3}}},"6":{"name":"(anonymous_13)","decl":{"start":{"line":89,"column":24},"end":{"line":89,"column":35}},"loc":{"start":{"line":89,"column":39},"end":{"line":89,"column":56}}},"7":{"name":"(anonymous_14)","decl":{"start":{"line":95,"column":28},"end":{"line":95,"column":39}},"loc":{"start":{"line":95,"column":43},"end":{"line":95,"column":60}}},"8":{"name":"(anonymous_15)","decl":{"start":{"line":95,"column":66},"end":{"line":95,"column":67}},"loc":{"start":{"line":96,"column":14},"end":{"line":121,"column":null}}},"9":{"name":"(anonymous_16)","decl":{"start":{"line":117,"column":27},"end":{"line":117,"column":30}},"loc":{"start":{"line":117,"column":33},"end":{"line":117,"column":61}}}},"branchMap":{"0":{"loc":{"start":{"line":66,"column":54},"end":{"line":66,"column":117}},"type":"cond-expr","locations":[{"start":{"line":66,"column":93},"end":{"line":66,"column":101}},{"start":{"line":66,"column":104},"end":{"line":66,"column":117}}]},"1":{"loc":{"start":{"line":89,"column":9},"end":{"line":124,"column":null}},"type":"cond-expr","locations":[{"start":{"line":90,"column":10},"end":{"line":91,"column":null}},{"start":{"line":94,"column":10},"end":{"line":123,"column":null}}]},"2":{"loc":{"start":{"line":127,"column":7},"end":{"line":128,"column":null}},"type":"binary-expr","locations":[{"start":{"line":127,"column":7},"end":{"line":127,"column":18}},{"start":{"line":127,"column":22},"end":{"line":127,"column":41}},{"start":{"line":128,"column":8},"end":{"line":128,"column":78}}]}},"s":{"0":0,"1":0,"2":0,"3":0,"4":0,"5":0,"6":0,"7":0,"8":0,"9":0,"10":0,"11":0,"12":0,"13":0,"14":0,"15":0,"16":0,"17":0,"18":0,"19":0,"20":0,"21":0,"22":0,"23":0,"24":0,"25":0,"26":0,"27":0},"f":{"0":0,"1":0,"2":0,"3":0,"4":0,"5":0,"6":0,"7":0,"8":0,"9":0},"b":{"0":[0,0],"1":[0,0],"2":[0,0,0]}}
,"C:\\Users\\Paiss\\Desktop\\terbaru\\frontend\\src\\user\\components\\Search.tsx": {"path":"C:\\Users\\Paiss\\Desktop\\terbaru\\frontend\\src\\user\\components\\Search.tsx","statementMap":{"0":{"start":{"line":1,"column":0},"end":{"line":1,"column":40}},"1":{"start":{"line":8,"column":38},"end":{"line":55,"column":1}},"2":{"start":{"line":9,"column":28},"end":{"line":9,"column":48}},"3":{"start":{"line":10,"column":50},"end":{"line":10,"column":70}},"4":{"start":{"line":12,"column":28},"end":{"line":16,"column":3}},"5":{"start":{"line":13,"column":18},"end":{"line":13,"column":36}},"6":{"start":{"line":14,"column":4},"end":{"line":14,"column":20}},"7":{"start":{"line":15,"column":4},"end":{"line":15,"column":38}},"8":{"start":{"line":18,"column":31},"end":{"line":22,"column":3}},"9":{"start":{"line":19,"column":18},"end":{"line":19,"column":36}},"10":{"start":{"line":20,"column":4},"end":{"line":20,"column":31}},"11":{"start":{"line":21,"column":4},"end":{"line":21,"column":27}},"12":{"start":{"line":24,"column":2},"end":{"line":54,"column":4}},"13":{"start":{"line":41,"column":10},"end":{"line":42,"column":null}},"14":{"start":{"line":48,"column":23},"end":{"line":48,"column":56}},"15":{"start":{"line":57,"column":0},"end":{"line":57,"column":22}}},"fnMap":{"0":{"name":"(anonymous_6)","decl":{"start":{"line":8,"column":38},"end":{"line":8,"column":39}},"loc":{"start":{"line":8,"column":67},"end":{"line":55,"column":1}}},"1":{"name":"(anonymous_7)","decl":{"start":{"line":12,"column":28},"end":{"line":12,"column":29}},"loc":{"start":{"line":12,"column":75},"end":{"line":16,"column":3}}},"2":{"name":"(anonymous_8)","decl":{"start":{"line":18,"column":31},"end":{"line":18,"column":32}},"loc":{"start":{"line":18,"column":79},"end":{"line":22,"column":3}}},"3":{"name":"(anonymous_9)","decl":{"start":{"line":40,"column":24},"end":{"line":40,"column":25}},"loc":{"start":{"line":41,"column":10},"end":{"line":42,"column":null}}},"4":{"name":"(anonymous_10)","decl":{"start":{"line":48,"column":17},"end":{"line":48,"column":20}},"loc":{"start":{"line":48,"column":23},"end":{"line":48,"column":56}}}},"branchMap":{},"s":{"0":1,"1":1,"2":10,"3":10,"4":10,"5":3,"6":3,"7":3,"8":10,"9":3,"10":3,"11":3,"12":10,"13":20,"14":2,"15":1},"f":{"0":10,"1":3,"2":3,"3":20,"4":2},"b":{}}
,"C:\\Users\\Paiss\\Desktop\\terbaru\\frontend\\src\\user\\components\\Select.tsx": {"path":"C:\\Users\\Paiss\\Desktop\\terbaru\\frontend\\src\\user\\components\\Select.tsx","statementMap":{"0":{"start":{"line":1,"column":0},"end":{"line":1,"column":26}},"1":{"start":{"line":10,"column":38},"end":{"line":47,"column":1}},"2":{"start":{"line":18,"column":2},"end":{"line":46,"column":4}},"3":{"start":{"line":39,"column":10},"end":{"line":40,"column":null}},"4":{"start":{"line":49,"column":0},"end":{"line":49,"column":22}}},"fnMap":{"0":{"name":"(anonymous_1)","decl":{"start":{"line":10,"column":38},"end":{"line":10,"column":39}},"loc":{"start":{"line":17,"column":5},"end":{"line":47,"column":1}}},"1":{"name":"(anonymous_2)","decl":{"start":{"line":38,"column":21},"end":{"line":38,"column":22}},"loc":{"start":{"line":39,"column":10},"end":{"line":40,"column":null}}}},"branchMap":{"0":{"loc":{"start":{"line":15,"column":2},"end":{"line":15,"column":16}},"type":"default-arg","locations":[{"start":{"line":15,"column":14},"end":{"line":15,"column":16}}]},"1":{"loc":{"start":{"line":20,"column":7},"end":{"line":23,"column":null}},"type":"binary-expr","locations":[{"start":{"line":20,"column":7},"end":{"line":20,"column":12}},{"start":{"line":21,"column":8},"end":{"line":22,"column":null}}]},"2":{"loc":{"start":{"line":28,"column":12},"end":{"line":28,"column":56}},"type":"cond-expr","locations":[{"start":{"line":28,"column":20},"end":{"line":28,"column":36}},{"start":{"line":28,"column":39},"end":{"line":28,"column":56}}]},"3":{"loc":{"start":{"line":33,"column":9},"end":{"line":36,"column":null}},"type":"binary-expr","locations":[{"start":{"line":33,"column":9},"end":{"line":33,"column":20}},{"start":{"line":34,"column":10},"end":{"line":35,"column":null}}]},"4":{"loc":{"start":{"line":44,"column":7},"end":{"line":44,"column":68}},"type":"binary-expr","locations":[{"start":{"line":44,"column":7},"end":{"line":44,"column":12}},{"start":{"line":44,"column":16},"end":{"line":44,"column":68}}]}},"s":{"0":1,"1":1,"2":4,"3":8,"4":1},"f":{"0":4,"1":8},"b":{"0":[4],"1":[4,4],"2":[1,3],"3":[4,2],"4":[4,1]}}
,"C:\\Users\\Paiss\\Desktop\\terbaru\\frontend\\src\\user\\components\\TicketCounter.tsx": {"path":"C:\\Users\\Paiss\\Desktop\\terbaru\\frontend\\src\\user\\components\\TicketCounter.tsx","statementMap":{"0":{"start":{"line":2,"column":0},"end":{"line":2,"column":51}},"1":{"start":{"line":3,"column":0},"end":{"line":3,"column":37}},"2":{"start":{"line":4,"column":0},"end":{"line":4,"column":31}},"3":{"start":{"line":5,"column":0},"end":{"line":5,"column":47}},"4":{"start":{"line":13,"column":52},"end":{"line":183,"column":1}},"5":{"start":{"line":14,"column":28},"end":{"line":14,"column":39}},"6":{"start":{"line":15,"column":21},"end":{"line":15,"column":34}},"7":{"start":{"line":16,"column":19},"end":{"line":16,"column":32}},"8":{"start":{"line":17,"column":40},"end":{"line":17,"column":59}},"9":{"start":{"line":18,"column":32},"end":{"line":18,"column":46}},"10":{"start":{"line":20,"column":2},"end":{"line":41,"column":9}},"11":{"start":{"line":21,"column":18},"end":{"line":21,"column":47}},"12":{"start":{"line":23,"column":4},"end":{"line":26,"column":5}},"13":{"start":{"line":25,"column":6},"end":{"line":25,"column":13}},"14":{"start":{"line":29,"column":29},"end":{"line":38,"column":5}},"15":{"start":{"line":30,"column":6},"end":{"line":37,"column":7}},"16":{"start":{"line":31,"column":25},"end":{"line":31,"column":55}},"17":{"start":{"line":32,"column":8},"end":{"line":32,"column":48}},"18":{"start":{"line":34,"column":8},"end":{"line":34,"column":61}},"19":{"start":{"line":36,"column":8},"end":{"line":36,"column":26}},"20":{"start":{"line":40,"column":4},"end":{"line":40,"column":23}},"21":{"start":{"line":43,"column":20},"end":{"line":43,"column":45}},"22":{"start":{"line":43,"column":26},"end":{"line":43,"column":45}},"23":{"start":{"line":44,"column":20},"end":{"line":44,"column":61}},"24":{"start":{"line":44,"column":26},"end":{"line":44,"column":61}},"25":{"start":{"line":46,"column":24},"end":{"line":144,"column":3}},"26":{"start":{"line":47,"column":4},"end":{"line":56,"column":5}},"27":{"start":{"line":48,"column":6},"end":{"line":54,"column":9}},"28":{"start":{"line":53,"column":8},"end":{"line":53,"column":32}},"29":{"start":{"line":55,"column":6},"end":{"line":55,"column":13}},"30":{"start":{"line":59,"column":4},"end":{"line":69,"column":5}},"31":{"start":{"line":60,"column":6},"end":{"line":67,"column":9}},"32":{"start":{"line":66,"column":8},"end":{"line":66,"column":34}},"33":{"start":{"line":68,"column":6},"end":{"line":68,"column":13}},"34":{"start":{"line":71,"column":4},"end":{"line":78,"column":5}},"35":{"start":{"line":72,"column":6},"end":{"line":76,"column":9}},"36":{"start":{"line":77,"column":6},"end":{"line":77,"column":13}},"37":{"start":{"line":81,"column":4},"end":{"line":88,"column":5}},"38":{"start":{"line":82,"column":6},"end":{"line":86,"column":9}},"39":{"start":{"line":87,"column":6},"end":{"line":87,"column":13}},"40":{"start":{"line":90,"column":4},"end":{"line":143,"column":5}},"41":{"start":{"line":92,"column":23},"end":{"line":92,"column":87}},"42":{"start":{"line":93,"column":31},"end":{"line":93,"column":49}},"43":{"start":{"line":96,"column":6},"end":{"line":135,"column":9}},"44":{"start":{"line":98,"column":10},"end":{"line":102,"column":13}},"45":{"start":{"line":103,"column":10},"end":{"line":103,"column":35}},"46":{"start":{"line":104,"column":10},"end":{"line":104,"column":30}},"47":{"start":{"line":107,"column":10},"end":{"line":107,"column":42}},"48":{"start":{"line":108,"column":10},"end":{"line":112,"column":13}},"49":{"start":{"line":113,"column":10},"end":{"line":113,"column":30}},"50":{"start":{"line":114,"column":10},"end":{"line":114,"column":17}},"51":{"start":{"line":117,"column":10},"end":{"line":121,"column":13}},"52":{"start":{"line":122,"column":10},"end":{"line":122,"column":30}},"53":{"start":{"line":125,"column":10},"end":{"line":133,"column":13}},"54":{"start":{"line":137,"column":6},"end":{"line":137,"column":49}},"55":{"start":{"line":138,"column":6},"end":{"line":142,"column":9}},"56":{"start":{"line":146,"column":2},"end":{"line":182,"column":4}},"57":{"start":{"line":185,"column":0},"end":{"line":185,"column":29}}},"fnMap":{"0":{"name":"(anonymous_7)","decl":{"start":{"line":13,"column":52},"end":{"line":13,"column":53}},"loc":{"start":{"line":13,"column":82},"end":{"line":183,"column":1}}},"1":{"name":"(anonymous_8)","decl":{"start":{"line":20,"column":12},"end":{"line":20,"column":15}},"loc":{"start":{"line":20,"column":17},"end":{"line":41,"column":3}}},"2":{"name":"(anonymous_9)","decl":{"start":{"line":29,"column":29},"end":{"line":29,"column":34}},"loc":{"start":{"line":29,"column":40},"end":{"line":38,"column":5}}},"3":{"name":"(anonymous_10)","decl":{"start":{"line":43,"column":20},"end":{"line":43,"column":23}},"loc":{"start":{"line":43,"column":26},"end":{"line":43,"column":45}}},"4":{"name":"(anonymous_11)","decl":{"start":{"line":44,"column":20},"end":{"line":44,"column":23}},"loc":{"start":{"line":44,"column":26},"end":{"line":44,"column":61}}},"5":{"name":"(anonymous_12)","decl":{"start":{"line":46,"column":24},"end":{"line":46,"column":29}},"loc":{"start":{"line":46,"column":35},"end":{"line":144,"column":3}}},"6":{"name":"(anonymous_13)","decl":{"start":{"line":52,"column":14},"end":{"line":52,"column":17}},"loc":{"start":{"line":52,"column":19},"end":{"line":54,"column":7}}},"7":{"name":"(anonymous_14)","decl":{"start":{"line":64,"column":14},"end":{"line":64,"column":17}},"loc":{"start":{"line":64,"column":19},"end":{"line":67,"column":7}}},"8":{"name":"(anonymous_15)","decl":{"start":{"line":97,"column":19},"end":{"line":97,"column":29}},"loc":{"start":{"line":97,"column":40},"end":{"line":105,"column":9}}},"9":{"name":"(anonymous_16)","decl":{"start":{"line":106,"column":19},"end":{"line":106,"column":29}},"loc":{"start":{"line":106,"column":40},"end":{"line":115,"column":9}}},"10":{"name":"(anonymous_17)","decl":{"start":{"line":116,"column":17},"end":{"line":116,"column":27}},"loc":{"start":{"line":116,"column":38},"end":{"line":123,"column":9}}},"11":{"name":"(anonymous_18)","decl":{"start":{"line":124,"column":17},"end":{"line":124,"column":null}},"loc":{"start":{"line":124,"column":17},"end":{"line":134,"column":9}}}},"branchMap":{"0":{"loc":{"start":{"line":23,"column":4},"end":{"line":26,"column":5}},"type":"if","locations":[{"start":{"line":23,"column":4},"end":{"line":26,"column":5}}]},"1":{"loc":{"start":{"line":44,"column":35},"end":{"line":44,"column":60}},"type":"cond-expr","locations":[{"start":{"line":44,"column":47},"end":{"line":44,"column":56}},{"start":{"line":44,"column":59},"end":{"line":44,"column":60}}]},"2":{"loc":{"start":{"line":47,"column":4},"end":{"line":56,"column":5}},"type":"if","locations":[{"start":{"line":47,"column":4},"end":{"line":56,"column":5}}]},"3":{"loc":{"start":{"line":59,"column":4},"end":{"line":69,"column":5}},"type":"if","locations":[{"start":{"line":59,"column":4},"end":{"line":69,"column":5}}]},"4":{"loc":{"start":{"line":71,"column":4},"end":{"line":78,"column":5}},"type":"if","locations":[{"start":{"line":71,"column":4},"end":{"line":78,"column":5}}]},"5":{"loc":{"start":{"line":81,"column":4},"end":{"line":88,"column":5}},"type":"if","locations":[{"start":{"line":81,"column":4},"end":{"line":88,"column":5}}]}},"s":{"0":0,"1":0,"2":0,"3":0,"4":0,"5":0,"6":0,"7":0,"8":0,"9":0,"10":0,"11":0,"12":0,"13":0,"14":0,"15":0,"16":0,"17":0,"18":0,"19":0,"20":0,"21":0,"22":0,"23":0,"24":0,"25":0,"26":0,"27":0,"28":0,"29":0,"30":0,"31":0,"32":0,"33":0,"34":0,"35":0,"36":0,"37":0,"38":0,"39":0,"40":0,"41":0,"42":0,"43":0,"44":0,"45":0,"46":0,"47":0,"48":0,"49":0,"50":0,"51":0,"52":0,"53":0,"54":0,"55":0,"56":0,"57":0},"f":{"0":0,"1":0,"2":0,"3":0,"4":0,"5":0,"6":0,"7":0,"8":0,"9":0,"10":0,"11":0},"b":{"0":[0],"1":[0,0],"2":[0],"3":[0],"4":[0],"5":[0]}}
}
