TN:
SF:src\components\Fragments\Button.tsx
FN:11,(anonymous_1)
FNF:1
FNH:1
FNDA:1,(anonymous_1)
DA:1,1
DA:2,1
DA:11,1
DA:14,1
DA:21,1
LF:5
LH:5
BRDA:15,0,0,1
BRDA:15,0,1,0
BRDA:21,1,0,0
BRDA:21,1,1,1
BRF:4
BRH:2
end_of_record
TN:
SF:src\components\Fragments\Input.tsx
FN:15,(anonymous_1)
FNF:1
FNH:1
FNDA:4,(anonymous_1)
DA:1,1
DA:15,1
DA:26,4
LF:3
LH:3
BRF:0
BRH:0
end_of_record
TN:
SF:src\components\Layout\Card.tsx
FN:9,(anonymous_1)
FNF:1
FNH:1
FNDA:3,(anonymous_1)
DA:7,1
DA:9,1
DA:10,3
DA:25,1
LF:4
LH:4
BRF:0
BRH:0
end_of_record
TN:
SF:src\components\Layout\CardEvent.tsx
FN:15,(anonymous_1)
FNF:1
FNH:1
FNDA:3,(anonymous_1)
DA:1,1
DA:2,1
DA:3,1
DA:4,1
DA:5,1
DA:15,1
DA:17,3
LF:7
LH:7
BRF:0
BRH:0
end_of_record
TN:
SF:src\components\Layout\CardProfile.tsx
FN:9,(anonymous_1)
FNF:1
FNH:1
FNDA:1,(anonymous_1)
DA:1,1
DA:9,1
DA:11,1
LF:3
LH:3
BRF:0
BRH:0
end_of_record
TN:
SF:src\components\Layout\Search.tsx
FN:10,(anonymous_1)
FNF:1
FNH:1
FNDA:3,(anonymous_1)
DA:1,1
DA:2,1
DA:10,1
DA:11,3
LF:4
LH:4
BRF:0
BRH:0
end_of_record
TN:
SF:src\components\Layout\Table.tsx
FN:9,(anonymous_1)
FN:15,(anonymous_2)
FN:21,(anonymous_3)
FN:23,(anonymous_4)
FNF:4
FNH:4
FNDA:3,(anonymous_1)
FNDA:6,(anonymous_2)
FNDA:6,(anonymous_3)
FNDA:12,(anonymous_4)
DA:2,1
DA:9,1
DA:10,3
DA:16,6
DA:22,6
DA:24,12
LF:6
LH:6
BRF:0
BRH:0
end_of_record
TN:
SF:src\user\components\Button.tsx
FN:14,(anonymous_1)
FNF:1
FNH:1
FNDA:8,(anonymous_1)
DA:2,1
DA:14,1
DA:24,8
DA:32,8
DA:39,8
DA:45,8
DA:56,1
LF:7
LH:7
BRDA:15,0,0,7
BRDA:16,1,0,7
BRDA:18,2,0,7
BRDA:19,3,0,6
BRDA:42,4,0,8
BRDA:42,4,1,7
BRDA:50,5,0,8
BRDA:50,5,1,1
BRF:8
BRH:8
end_of_record
TN:
SF:src\user\components\ButtonProfile.tsx
FN:11,(anonymous_1)
FNF:1
FNH:1
FNDA:5,(anonymous_1)
DA:1,1
DA:2,1
DA:11,1
DA:21,5
DA:22,5
DA:28,5
DA:29,5
DA:31,5
DA:51,1
LF:9
LH:9
BRDA:12,0,0,4
BRDA:13,1,0,4
BRDA:15,2,0,5
BRDA:16,3,0,4
BRDA:28,4,0,1
BRDA:28,4,1,4
BRDA:29,5,0,1
BRDA:29,5,1,4
BRDA:34,6,0,5
BRDA:34,6,1,5
BRDA:38,7,0,5
BRDA:38,7,1,1
BRF:12
BRH:12
end_of_record
TN:
SF:src\user\components\Card.tsx
FN:21,(anonymous_1)
FNF:1
FNH:1
FNDA:4,(anonymous_1)
DA:1,1
DA:2,1
DA:3,1
DA:4,1
DA:5,1
DA:6,1
DA:21,1
DA:32,4
DA:72,1
LF:9
LH:9
BRDA:30,0,0,4
BRDA:60,1,0,3
BRDA:60,1,1,1
BRF:3
BRH:3
end_of_record
TN:
SF:src\user\components\FormCard.tsx
FN:7,(anonymous_1)
FNF:1
FNH:1
FNDA:3,(anonymous_1)
DA:1,1
DA:7,1
DA:8,3
DA:21,1
LF:4
LH:4
BRF:0
BRH:0
end_of_record
TN:
SF:src\user\components\Input.tsx
FN:9,(anonymous_1)
FNF:1
FNH:1
FNDA:5,(anonymous_1)
DA:1,1
DA:9,1
DA:16,5
DA:33,1
LF:4
LH:4
BRDA:12,0,0,4
BRDA:18,1,0,5
BRDA:18,1,1,1
BRDA:28,2,0,5
BRDA:28,2,1,1
BRF:5
BRH:5
end_of_record
TN:
SF:src\user\components\Search.tsx
FN:8,(anonymous_6)
FN:12,(anonymous_7)
FN:18,(anonymous_8)
FN:40,(anonymous_9)
FN:48,(anonymous_10)
FNF:5
FNH:5
FNDA:10,(anonymous_6)
FNDA:3,(anonymous_7)
FNDA:3,(anonymous_8)
FNDA:20,(anonymous_9)
FNDA:2,(anonymous_10)
DA:1,1
DA:8,1
DA:9,10
DA:10,10
DA:12,10
DA:13,3
DA:14,3
DA:15,3
DA:18,10
DA:19,3
DA:20,3
DA:21,3
DA:24,10
DA:41,20
DA:48,2
DA:57,1
LF:16
LH:16
BRF:0
BRH:0
end_of_record
TN:
SF:src\user\components\Select.tsx
FN:10,(anonymous_1)
FN:38,(anonymous_2)
FNF:2
FNH:2
FNDA:4,(anonymous_1)
FNDA:8,(anonymous_2)
DA:1,1
DA:10,1
DA:18,4
DA:39,8
DA:49,1
LF:5
LH:5
BRDA:15,0,0,4
BRDA:20,1,0,4
BRDA:20,1,1,4
BRDA:28,2,0,1
BRDA:28,2,1,3
BRDA:33,3,0,4
BRDA:33,3,1,2
BRDA:44,4,0,4
BRDA:44,4,1,1
BRF:9
BRH:9
end_of_record
