TN:
SF:src\admin\components\DetailOragnizer.tsx
FN:5,(anonymous_1)
FNF:1
FNH:0
FNDA:0,(anonymous_1)
DA:1,0
DA:2,0
DA:3,0
DA:4,0
DA:5,0
DA:6,0
DA:72,0
LF:7
LH:0
BRF:0
BRH:0
end_of_record
TN:
SF:src\components\Fragments\Button.tsx
FN:11,(anonymous_1)
FNF:1
FNH:1
FNDA:1,(anonymous_1)
DA:1,1
DA:2,1
DA:11,1
DA:14,1
DA:21,1
LF:5
LH:5
BRDA:15,0,0,1
BRDA:15,0,1,0
BRDA:21,1,0,0
BRDA:21,1,1,1
BRF:4
BRH:2
end_of_record
TN:
SF:src\components\Fragments\Input.tsx
FN:15,(anonymous_1)
FNF:1
FNH:1
FNDA:4,(anonymous_1)
DA:1,1
DA:15,1
DA:26,4
LF:3
LH:3
BRF:0
BRH:0
end_of_record
TN:
SF:src\components\Layout\Card.tsx
FN:9,(anonymous_1)
FNF:1
FNH:1
FNDA:3,(anonymous_1)
DA:7,1
DA:9,1
DA:10,3
DA:25,1
LF:4
LH:4
BRF:0
BRH:0
end_of_record
TN:
SF:src\components\Layout\CardEvent.tsx
FN:15,(anonymous_1)
FNF:1
FNH:1
FNDA:3,(anonymous_1)
DA:1,1
DA:2,1
DA:3,1
DA:4,1
DA:5,1
DA:15,1
DA:17,3
LF:7
LH:7
BRF:0
BRH:0
end_of_record
TN:
SF:src\components\Layout\CardProfile.tsx
FN:9,(anonymous_1)
FNF:1
FNH:1
FNDA:1,(anonymous_1)
DA:1,1
DA:9,1
DA:11,1
LF:3
LH:3
BRF:0
BRH:0
end_of_record
TN:
SF:src\components\Layout\CardVerify.tsx
FN:9,(anonymous_1)
FNF:1
FNH:0
FNDA:0,(anonymous_1)
DA:1,0
DA:9,0
DA:10,0
LF:3
LH:0
BRF:0
BRH:0
end_of_record
TN:
SF:src\components\Layout\Search.tsx
FN:10,(anonymous_1)
FNF:1
FNH:1
FNDA:3,(anonymous_1)
DA:1,1
DA:2,1
DA:10,1
DA:11,3
LF:4
LH:4
BRF:0
BRH:0
end_of_record
TN:
SF:src\components\Layout\Sidebar.tsx
FN:19,(anonymous_1)
FN:24,(anonymous_2)
FN:46,(anonymous_3)
FN:66,(anonymous_4)
FNF:4
FNH:0
FNDA:0,(anonymous_1)
FNDA:0,(anonymous_2)
FNDA:0,(anonymous_3)
FNDA:0,(anonymous_4)
DA:1,0
DA:2,0
DA:3,0
DA:4,0
DA:5,0
DA:19,0
DA:21,0
DA:22,0
DA:24,0
DA:25,0
DA:28,0
DA:47,0
DA:67,0
LF:13
LH:0
BRDA:30,0,0,0
BRDA:30,0,1,0
BRDA:33,1,0,0
BRDA:33,1,1,0
BRDA:47,2,0,0
BRDA:47,2,1,0
BRDA:48,3,0,0
BRDA:48,3,1,0
BRDA:50,4,0,0
BRDA:50,4,1,0
BRDA:51,5,0,0
BRDA:51,5,1,0
BRDA:58,6,0,0
BRDA:58,6,1,0
BRDA:59,7,0,0
BRDA:59,7,1,0
BRDA:60,8,0,0
BRDA:60,8,1,0
BRDA:70,9,0,0
BRDA:70,9,1,0
BRF:20
BRH:0
end_of_record
TN:
SF:src\components\Layout\Table.tsx
FN:9,(anonymous_1)
FN:15,(anonymous_2)
FN:21,(anonymous_3)
FN:23,(anonymous_4)
FNF:4
FNH:4
FNDA:3,(anonymous_1)
FNDA:6,(anonymous_2)
FNDA:6,(anonymous_3)
FNDA:12,(anonymous_4)
DA:2,1
DA:9,1
DA:10,3
DA:16,6
DA:22,6
DA:24,12
LF:6
LH:6
BRF:0
BRH:0
end_of_record
TN:
SF:src\user\components\Button.tsx
FN:14,(anonymous_1)
FNF:1
FNH:1
FNDA:8,(anonymous_1)
DA:2,1
DA:14,1
DA:24,8
DA:32,8
DA:39,8
DA:45,8
DA:56,1
LF:7
LH:7
BRDA:15,0,0,7
BRDA:16,1,0,7
BRDA:18,2,0,7
BRDA:19,3,0,6
BRDA:42,4,0,8
BRDA:42,4,1,7
BRDA:50,5,0,8
BRDA:50,5,1,1
BRF:8
BRH:8
end_of_record
TN:
SF:src\user\components\ButtonProfile.tsx
FN:11,(anonymous_1)
FNF:1
FNH:1
FNDA:5,(anonymous_1)
DA:1,1
DA:2,1
DA:11,1
DA:21,5
DA:22,5
DA:28,5
DA:29,5
DA:31,5
DA:51,1
LF:9
LH:9
BRDA:12,0,0,4
BRDA:13,1,0,4
BRDA:15,2,0,5
BRDA:16,3,0,4
BRDA:28,4,0,1
BRDA:28,4,1,4
BRDA:29,5,0,1
BRDA:29,5,1,4
BRDA:34,6,0,5
BRDA:34,6,1,5
BRDA:38,7,0,5
BRDA:38,7,1,1
BRF:12
BRH:12
end_of_record
TN:
SF:src\user\components\Card.tsx
FN:21,(anonymous_1)
FNF:1
FNH:1
FNDA:4,(anonymous_1)
DA:1,1
DA:2,1
DA:3,1
DA:4,1
DA:5,1
DA:6,1
DA:21,1
DA:32,4
DA:72,1
LF:9
LH:9
BRDA:30,0,0,4
BRDA:60,1,0,3
BRDA:60,1,1,1
BRF:3
BRH:3
end_of_record
TN:
SF:src\user\components\CardDetail.tsx
FN:15,(anonymous_1)
FNF:1
FNH:0
FNDA:0,(anonymous_1)
DA:1,0
DA:2,0
DA:3,0
DA:15,0
DA:25,0
DA:26,0
DA:28,0
DA:68,0
LF:8
LH:0
BRDA:25,0,0,0
BRDA:25,0,1,0
BRDA:44,1,0,0
BRDA:44,1,1,0
BRDA:44,1,2,0
BRDA:58,2,0,0
BRDA:58,2,1,0
BRF:7
BRH:0
end_of_record
TN:
SF:src\user\components\DetailTiket.tsx
FN:6,(anonymous_6)
FN:12,(anonymous_7)
FN:14,(anonymous_8)
FN:31,(anonymous_9)
FN:38,(anonymous_10)
FNF:5
FNH:0
FNDA:0,(anonymous_6)
FNDA:0,(anonymous_7)
FNDA:0,(anonymous_8)
FNDA:0,(anonymous_9)
FNDA:0,(anonymous_10)
DA:1,0
DA:2,0
DA:3,0
DA:4,0
DA:6,0
DA:7,0
DA:8,0
DA:9,0
DA:12,0
DA:14,0
DA:15,0
DA:16,0
DA:21,0
DA:22,0
DA:25,0
DA:32,0
DA:38,0
DA:97,0
LF:18
LH:0
BRDA:15,0,0,0
BRDA:21,1,0,0
BRDA:33,2,0,0
BRDA:33,2,1,0
BRDA:72,3,0,0
BRDA:72,3,1,0
BRDA:79,4,0,0
BRDA:79,4,1,0
BRDA:81,5,0,0
BRDA:81,5,1,0
BRF:10
BRH:0
end_of_record
TN:
SF:src\user\components\Footer.tsx
FN:7,(anonymous_1)
FNF:1
FNH:0
FNDA:0,(anonymous_1)
DA:1,0
DA:2,0
DA:3,0
DA:7,0
DA:8,0
DA:19,0
LF:6
LH:0
BRF:0
BRH:0
end_of_record
TN:
SF:src\user\components\FormCard.tsx
FN:7,(anonymous_1)
FNF:1
FNH:1
FNDA:3,(anonymous_1)
DA:1,1
DA:7,1
DA:8,3
DA:21,1
LF:4
LH:4
BRF:0
BRH:0
end_of_record
TN:
SF:src\user\components\ImageSlider.tsx
FN:14,(anonymous_1)
FN:64,(anonymous_2)
FNF:2
FNH:0
FNDA:0,(anonymous_1)
FNDA:0,(anonymous_2)
DA:1,0
DA:2,0
DA:3,0
DA:4,0
DA:5,0
DA:6,0
DA:7,0
DA:14,0
DA:15,0
DA:17,0
DA:65,0
DA:83,0
LF:12
LH:0
BRF:0
BRH:0
end_of_record
TN:
SF:src\user\components\Input.tsx
FN:9,(anonymous_1)
FNF:1
FNH:1
FNDA:5,(anonymous_1)
DA:1,1
DA:9,1
DA:16,5
DA:33,1
LF:4
LH:4
BRDA:12,0,0,4
BRDA:18,1,0,5
BRDA:18,1,1,1
BRDA:28,2,0,5
BRDA:28,2,1,1
BRF:5
BRH:5
end_of_record
TN:
SF:src\user\components\Navbar.tsx
FN:13,(anonymous_1)
FN:19,(anonymous_2)
FN:128,(anonymous_3)
FNF:3
FNH:0
FNDA:0,(anonymous_1)
FNDA:0,(anonymous_2)
FNDA:0,(anonymous_3)
DA:1,0
DA:2,0
DA:3,0
DA:4,0
DA:5,0
DA:6,0
DA:7,0
DA:8,0
DA:9,0
DA:10,0
DA:11,0
DA:13,0
DA:14,0
DA:15,0
DA:16,0
DA:19,0
DA:21,0
DA:22,0
DA:23,0
DA:24,0
DA:25,0
DA:29,0
DA:128,0
DA:212,0
LF:24
LH:0
BRDA:23,0,0,0
BRDA:23,1,0,0
BRDA:23,1,1,0
BRDA:40,2,0,0
BRDA:40,2,1,0
BRDA:133,3,0,0
BRDA:133,3,1,0
BRDA:135,4,0,0
BRDA:135,4,1,0
BRF:9
BRH:0
end_of_record
TN:
SF:src\user\components\PasswordInput.tsx
FN:12,(anonymous_6)
FN:22,(anonymous_7)
FN:53,(anonymous_8)
FNF:3
FNH:0
FNDA:0,(anonymous_6)
FNDA:0,(anonymous_7)
FNDA:0,(anonymous_8)
DA:1,0
DA:2,0
DA:12,0
DA:20,0
DA:22,0
DA:23,0
DA:24,0
DA:29,0
DA:33,0
DA:35,0
DA:53,0
DA:71,0
LF:12
LH:0
BRDA:16,0,0,0
BRDA:23,1,0,0
BRDA:23,2,0,0
BRDA:23,2,1,0
BRDA:33,3,0,0
BRDA:33,3,1,0
BRDA:33,3,2,0
BRDA:37,4,0,0
BRDA:37,4,1,0
BRDA:44,5,0,0
BRDA:44,5,1,0
BRDA:46,6,0,0
BRDA:46,6,1,0
BRDA:55,7,0,0
BRDA:55,7,1,0
BRDA:57,8,0,0
BRDA:57,8,1,0
BRDA:64,9,0,0
BRDA:64,9,1,0
BRF:19
BRH:0
end_of_record
TN:
SF:src\user\components\RiwayatTransaksi.tsx
FN:5,(anonymous_7)
FN:10,(anonymous_8)
FN:19,(anonymous_9)
FN:24,(anonymous_10)
FN:29,(anonymous_11)
FN:34,(anonymous_12)
FN:89,(anonymous_13)
FN:95,(anonymous_14)
FN:95,(anonymous_15)
FN:117,(anonymous_16)
FNF:10
FNH:0
FNDA:0,(anonymous_7)
FNDA:0,(anonymous_8)
FNDA:0,(anonymous_9)
FNDA:0,(anonymous_10)
FNDA:0,(anonymous_11)
FNDA:0,(anonymous_12)
FNDA:0,(anonymous_13)
FNDA:0,(anonymous_14)
FNDA:0,(anonymous_15)
FNDA:0,(anonymous_16)
DA:1,0
DA:2,0
DA:3,0
DA:5,0
DA:6,0
DA:7,0
DA:8,0
DA:10,0
DA:11,0
DA:12,0
DA:13,0
DA:15,0
DA:19,0
DA:20,0
DA:21,0
DA:24,0
DA:25,0
DA:26,0
DA:29,0
DA:30,0
DA:34,0
DA:35,0
DA:85,0
DA:89,0
DA:95,0
DA:96,0
DA:117,0
DA:134,0
LF:28
LH:0
BRDA:66,0,0,0
BRDA:66,0,1,0
BRDA:89,1,0,0
BRDA:89,1,1,0
BRDA:127,2,0,0
BRDA:127,2,1,0
BRDA:127,2,2,0
BRF:7
BRH:0
end_of_record
TN:
SF:src\user\components\Search.tsx
FN:8,(anonymous_6)
FN:12,(anonymous_7)
FN:18,(anonymous_8)
FN:40,(anonymous_9)
FN:48,(anonymous_10)
FNF:5
FNH:5
FNDA:10,(anonymous_6)
FNDA:3,(anonymous_7)
FNDA:3,(anonymous_8)
FNDA:20,(anonymous_9)
FNDA:2,(anonymous_10)
DA:1,1
DA:8,1
DA:9,10
DA:10,10
DA:12,10
DA:13,3
DA:14,3
DA:15,3
DA:18,10
DA:19,3
DA:20,3
DA:21,3
DA:24,10
DA:41,20
DA:48,2
DA:57,1
LF:16
LH:16
BRF:0
BRH:0
end_of_record
TN:
SF:src\user\components\Select.tsx
FN:10,(anonymous_1)
FN:38,(anonymous_2)
FNF:2
FNH:2
FNDA:4,(anonymous_1)
FNDA:8,(anonymous_2)
DA:1,1
DA:10,1
DA:18,4
DA:39,8
DA:49,1
LF:5
LH:5
BRDA:15,0,0,4
BRDA:20,1,0,4
BRDA:20,1,1,4
BRDA:28,2,0,1
BRDA:28,2,1,3
BRDA:33,3,0,4
BRDA:33,3,1,2
BRDA:44,4,0,4
BRDA:44,4,1,1
BRF:9
BRH:9
end_of_record
TN:
SF:src\user\components\TicketCounter.tsx
FN:13,(anonymous_7)
FN:20,(anonymous_8)
FN:29,(anonymous_9)
FN:43,(anonymous_10)
FN:44,(anonymous_11)
FN:46,(anonymous_12)
FN:52,(anonymous_13)
FN:64,(anonymous_14)
FN:97,(anonymous_15)
FN:106,(anonymous_16)
FN:116,(anonymous_17)
FN:124,(anonymous_18)
FNF:12
FNH:0
FNDA:0,(anonymous_7)
FNDA:0,(anonymous_8)
FNDA:0,(anonymous_9)
FNDA:0,(anonymous_10)
FNDA:0,(anonymous_11)
FNDA:0,(anonymous_12)
FNDA:0,(anonymous_13)
FNDA:0,(anonymous_14)
FNDA:0,(anonymous_15)
FNDA:0,(anonymous_16)
FNDA:0,(anonymous_17)
FNDA:0,(anonymous_18)
DA:2,0
DA:3,0
DA:4,0
DA:5,0
DA:13,0
DA:14,0
DA:15,0
DA:16,0
DA:17,0
DA:18,0
DA:20,0
DA:21,0
DA:23,0
DA:25,0
DA:29,0
DA:30,0
DA:31,0
DA:32,0
DA:34,0
DA:36,0
DA:40,0
DA:43,0
DA:44,0
DA:46,0
DA:47,0
DA:48,0
DA:53,0
DA:55,0
DA:59,0
DA:60,0
DA:66,0
DA:68,0
DA:71,0
DA:72,0
DA:77,0
DA:81,0
DA:82,0
DA:87,0
DA:90,0
DA:92,0
DA:93,0
DA:96,0
DA:98,0
DA:103,0
DA:104,0
DA:107,0
DA:108,0
DA:113,0
DA:114,0
DA:117,0
DA:122,0
DA:125,0
DA:137,0
DA:138,0
DA:146,0
DA:185,0
LF:56
LH:0
BRDA:23,0,0,0
BRDA:44,1,0,0
BRDA:44,1,1,0
BRDA:47,2,0,0
BRDA:59,3,0,0
BRDA:71,4,0,0
BRDA:81,5,0,0
BRF:7
BRH:0
end_of_record
